{"/home/travis/build/npmtest/node-npmtest-facebook-chat-api/test.js":{"path":"/home/travis/build/npmtest/node-npmtest-facebook-chat-api/test.js","s":{"1":2,"2":2,"3":2,"4":2,"5":2,"6":2,"7":2,"8":1,"9":2,"10":2,"11":1,"12":1,"13":1,"14":1,"15":2,"16":2,"17":2,"18":2,"19":1,"20":1,"21":2,"22":2,"23":2,"24":1,"25":1,"26":1,"27":1,"28":1,"29":1,"30":1,"31":1,"32":1,"33":1,"34":1,"35":1,"36":1,"37":1,"38":1,"39":2,"40":2,"41":1,"42":2,"43":2,"44":1,"45":2,"46":2,"47":1,"48":2,"49":2,"50":1,"51":1,"52":1,"53":1,"54":1},"b":{"1":[2,1,1,1],"2":[1,1,1,1],"3":[1,1],"4":[1,1],"5":[1,1],"6":[1,1],"7":[1,1],"8":[1,1],"9":[1,1],"10":[1,1,1],"11":[1,1],"12":[1,1],"13":[1,1],"14":[1,1],"15":[1,1],"16":[1,1],"17":[1,1]},"f":{"1":2,"2":2,"3":2,"4":2,"5":2,"6":1,"7":1,"8":1,"9":2,"10":2,"11":2,"12":2,"13":1},"fnMap":{"1":{"name":"(anonymous_1)","line":12,"loc":{"start":{"line":12,"column":1},"end":{"line":12,"column":13}}},"2":{"name":"(anonymous_2)","line":19,"loc":{"start":{"line":19,"column":5},"end":{"line":19,"column":17}}},"3":{"name":"(anonymous_3)","line":23,"loc":{"start":{"line":23,"column":24},"end":{"line":23,"column":36}}},"4":{"name":"(anonymous_4)","line":61,"loc":{"start":{"line":61,"column":5},"end":{"line":61,"column":17}}},"5":{"name":"(anonymous_5)","line":82,"loc":{"start":{"line":82,"column":5},"end":{"line":82,"column":17}}},"6":{"name":"(anonymous_6)","line":91,"loc":{"start":{"line":91,"column":77},"end":{"line":94,"column":10}}},"7":{"name":"(anonymous_7)","line":112,"loc":{"start":{"line":112,"column":83},"end":{"line":115,"column":10}},"skip":true},"8":{"name":"(anonymous_8)","line":123,"loc":{"start":{"line":123,"column":77},"end":{"line":126,"column":10}},"skip":true},"9":{"name":"(anonymous_9)","line":139,"loc":{"start":{"line":139,"column":12},"end":{"line":139,"column":40}},"skip":true},"10":{"name":"(anonymous_10)","line":147,"loc":{"start":{"line":147,"column":77},"end":{"line":150,"column":10}},"skip":true},"11":{"name":"(anonymous_11)","line":158,"loc":{"start":{"line":158,"column":83},"end":{"line":161,"column":10}},"skip":true},"12":{"name":"(anonymous_12)","line":169,"loc":{"start":{"line":169,"column":79},"end":{"line":172,"column":10}},"skip":true},"13":{"name":"(anonymous_13)","line":180,"loc":{"start":{"line":180,"column":75},"end":{"line":183,"column":10}},"skip":true}},"statementMap":{"1":{"start":{"line":12,"column":0},"end":{"line":195,"column":5}},"2":{"start":{"line":14,"column":4},"end":{"line":14,"column":14}},"3":{"start":{"line":19,"column":4},"end":{"line":56,"column":9}},"4":{"start":{"line":21,"column":8},"end":{"line":21,"column":19}},"5":{"start":{"line":23,"column":8},"end":{"line":35,"column":13}},"6":{"start":{"line":24,"column":12},"end":{"line":34,"column":13}},"7":{"start":{"line":25,"column":16},"end":{"line":28,"column":30}},"8":{"start":{"line":30,"column":16},"end":{"line":33,"column":27}},"9":{"start":{"line":37,"column":8},"end":{"line":39,"column":21}},"10":{"start":{"line":40,"column":8},"end":{"line":53,"column":9}},"11":{"start":{"line":43,"column":12},"end":{"line":46,"column":14}},"12":{"start":{"line":47,"column":12},"end":{"line":47,"column":18}},"13":{"start":{"line":50,"column":12},"end":{"line":51,"column":33}},"14":{"start":{"line":52,"column":12},"end":{"line":52,"column":18}},"15":{"start":{"line":55,"column":8},"end":{"line":55,"column":35}},"16":{"start":{"line":61,"column":4},"end":{"line":63,"column":9}},"17":{"start":{"line":62,"column":8},"end":{"line":62,"column":15}},"18":{"start":{"line":64,"column":4},"end":{"line":77,"column":5}},"19":{"start":{"line":70,"column":8},"end":{"line":70,"column":14}},"20":{"start":{"line":76,"column":8},"end":{"line":76,"column":14}},"21":{"start":{"line":82,"column":4},"end":{"line":84,"column":9}},"22":{"start":{"line":83,"column":8},"end":{"line":83,"column":15}},"23":{"start":{"line":85,"column":4},"end":{"line":194,"column":5}},"24":{"start":{"line":91,"column":8},"end":{"line":99,"column":10}},"25":{"start":{"line":98,"column":12},"end":{"line":98,"column":35}},"26":{"start":{"line":102,"column":8},"end":{"line":104,"column":63}},"27":{"start":{"line":105,"column":8},"end":{"line":105,"column":14}},"28":{"start":{"line":112,"column":8},"end":{"line":121,"column":10},"skip":true},"29":{"start":{"line":119,"column":12},"end":{"line":119,"column":55},"skip":true},"30":{"start":{"line":120,"column":12},"end":{"line":120,"column":48},"skip":true},"31":{"start":{"line":123,"column":8},"end":{"line":136,"column":10},"skip":true},"32":{"start":{"line":130,"column":12},"end":{"line":130,"column":76},"skip":true},"33":{"start":{"line":131,"column":12},"end":{"line":131,"column":73},"skip":true},"34":{"start":{"line":132,"column":12},"end":{"line":132,"column":74},"skip":true},"35":{"start":{"line":133,"column":12},"end":{"line":133,"column":79},"skip":true},"36":{"start":{"line":134,"column":12},"end":{"line":134,"column":25},"skip":true},"37":{"start":{"line":135,"column":12},"end":{"line":135,"column":45},"skip":true},"38":{"start":{"line":138,"column":8},"end":{"line":145,"column":14},"skip":true},"39":{"start":{"line":143,"column":16},"end":{"line":143,"column":29},"skip":true},"40":{"start":{"line":144,"column":16},"end":{"line":144,"column":55},"skip":true},"41":{"start":{"line":147,"column":8},"end":{"line":156,"column":10},"skip":true},"42":{"start":{"line":154,"column":12},"end":{"line":154,"column":25},"skip":true},"43":{"start":{"line":155,"column":12},"end":{"line":155,"column":45},"skip":true},"44":{"start":{"line":158,"column":8},"end":{"line":167,"column":10},"skip":true},"45":{"start":{"line":165,"column":12},"end":{"line":165,"column":25},"skip":true},"46":{"start":{"line":166,"column":12},"end":{"line":166,"column":48},"skip":true},"47":{"start":{"line":169,"column":8},"end":{"line":178,"column":10},"skip":true},"48":{"start":{"line":176,"column":12},"end":{"line":176,"column":25},"skip":true},"49":{"start":{"line":177,"column":12},"end":{"line":177,"column":46},"skip":true},"50":{"start":{"line":180,"column":8},"end":{"line":189,"column":10},"skip":true},"51":{"start":{"line":187,"column":12},"end":{"line":187,"column":94},"skip":true},"52":{"start":{"line":188,"column":12},"end":{"line":188,"column":48},"skip":true},"53":{"start":{"line":192,"column":8},"end":{"line":192,"column":35},"skip":true},"54":{"start":{"line":193,"column":8},"end":{"line":193,"column":14},"skip":true}},"branchMap":{"1":{"line":25,"type":"binary-expr","locations":[{"start":{"line":25,"column":23},"end":{"line":25,"column":62}},{"start":{"line":26,"column":20},"end":{"line":26,"column":70}},{"start":{"line":27,"column":20},"end":{"line":27,"column":71}},{"start":{"line":28,"column":20},"end":{"line":28,"column":29}}]},"2":{"line":30,"type":"binary-expr","locations":[{"start":{"line":30,"column":23},"end":{"line":30,"column":37}},{"start":{"line":31,"column":20},"end":{"line":31,"column":61}},{"start":{"line":32,"column":20},"end":{"line":32,"column":70}},{"start":{"line":33,"column":20},"end":{"line":33,"column":26}}]},"3":{"line":37,"type":"cond-expr","locations":[{"start":{"line":38,"column":14},"end":{"line":38,"column":20}},{"start":{"line":39,"column":14},"end":{"line":39,"column":20}}]},"4":{"line":40,"type":"switch","locations":[{"start":{"line":42,"column":8},"end":{"line":47,"column":18}},{"start":{"line":49,"column":8},"end":{"line":52,"column":18}}]},"5":{"line":44,"type":"binary-expr","locations":[{"start":{"line":44,"column":16},"end":{"line":44,"column":44}},{"start":{"line":44,"column":48},"end":{"line":44,"column":66}}]},"6":{"line":50,"type":"binary-expr","locations":[{"start":{"line":50,"column":21},"end":{"line":50,"column":49}},{"start":{"line":50,"column":53},"end":{"line":50,"column":72}}]},"7":{"line":64,"type":"switch","locations":[{"start":{"line":69,"column":4},"end":{"line":70,"column":14}},{"start":{"line":75,"column":4},"end":{"line":76,"column":14}}]},"8":{"line":85,"type":"switch","locations":[{"start":{"line":90,"column":4},"end":{"line":105,"column":14}},{"start":{"line":111,"column":4},"end":{"line":193,"column":14},"skip":true}]},"9":{"line":91,"type":"binary-expr","locations":[{"start":{"line":91,"column":42},"end":{"line":91,"column":73}},{"start":{"line":91,"column":77},"end":{"line":99,"column":9}}]},"10":{"line":102,"type":"binary-expr","locations":[{"start":{"line":102,"column":18},"end":{"line":102,"column":32}},{"start":{"line":103,"column":12},"end":{"line":103,"column":53}},{"start":{"line":104,"column":12},"end":{"line":104,"column":61}}]},"11":{"line":112,"type":"binary-expr","locations":[{"start":{"line":112,"column":45},"end":{"line":112,"column":79},"skip":true},{"start":{"line":112,"column":83},"end":{"line":121,"column":9},"skip":true}]},"12":{"line":123,"type":"binary-expr","locations":[{"start":{"line":123,"column":42},"end":{"line":123,"column":73},"skip":true},{"start":{"line":123,"column":77},"end":{"line":136,"column":9},"skip":true}]},"13":{"line":138,"type":"binary-expr","locations":[{"start":{"line":138,"column":48},"end":{"line":138,"column":85},"skip":true},{"start":{"line":139,"column":12},"end":{"line":145,"column":13},"skip":true}]},"14":{"line":147,"type":"binary-expr","locations":[{"start":{"line":147,"column":42},"end":{"line":147,"column":73},"skip":true},{"start":{"line":147,"column":77},"end":{"line":156,"column":9},"skip":true}]},"15":{"line":158,"type":"binary-expr","locations":[{"start":{"line":158,"column":45},"end":{"line":158,"column":79},"skip":true},{"start":{"line":158,"column":83},"end":{"line":167,"column":9},"skip":true}]},"16":{"line":169,"type":"binary-expr","locations":[{"start":{"line":169,"column":43},"end":{"line":169,"column":75},"skip":true},{"start":{"line":169,"column":79},"end":{"line":178,"column":9},"skip":true}]},"17":{"line":180,"type":"binary-expr","locations":[{"start":{"line":180,"column":41},"end":{"line":180,"column":71},"skip":true},{"start":{"line":180,"column":75},"end":{"line":189,"column":9},"skip":true}]}},"code":["/* istanbul instrument in package npmtest_facebook_chat_api */","/*jslint","    bitwise: true,","    browser: true,","    maxerr: 8,","    maxlen: 96,","    node: true,","    nomen: true,","    regexp: true,","    stupid: true","*/","(function () {","    'use strict';","    var local;","","","","    // run shared js-env code - init-before","    (function () {","        // init local","        local = {};","        // init modeJs","        local.modeJs = (function () {","            try {","                return typeof navigator.userAgent === 'string' &&","                    typeof document.querySelector('body') === 'object' &&","                    typeof XMLHttpRequest.prototype.open === 'function' &&","                    'browser';","            } catch (errorCaughtBrowser) {","                return module.exports &&","                    typeof process.versions.node === 'string' &&","                    typeof require('http').createServer === 'function' &&","                    'node';","            }","        }());","        // init global","        local.global = local.modeJs === 'browser'","            ? window","            : global;","        switch (local.modeJs) {","        // re-init local from window.local","        case 'browser':","            local = local.global.utility2.objectSetDefault(","                local.global.utility2_rollup || local.global.local,","                local.global.utility2","            );","            break;","        // re-init local from example.js","        case 'node':","            local = (local.global.utility2_rollup || require('utility2'))","                .requireReadme();","            break;","        }","        // export local","        local.global.local = local;","    }());","","","","    // run shared js-env code - function","    (function () {","        return;","    }());","    switch (local.modeJs) {","","","","    // run browser js-env code - function","    case 'browser':","        break;","","","","    // run node js-env code - function","    case 'node':","        break;","    }","","","","    // run shared js-env code - init-after","    (function () {","        return;","    }());","    switch (local.modeJs) {","","","","    // run browser js-env code - init-after","    case 'browser':","        local.testCase_browser_nullCase = local.testCase_browser_nullCase || function (","            options,","            onError","        ) {","        /*","         * this function will test browsers's null-case handling-behavior-behavior","         */","            onError(null, options);","        };","","        // run tests","        local.nop(local.modeTest &&","            document.querySelector('#testRunButton1') &&","            document.querySelector('#testRunButton1').click());","        break;","","","","    // run node js-env code - init-after","    /* istanbul ignore next */","    case 'node':","        local.testCase_buildApidoc_default = local.testCase_buildApidoc_default || function (","            options,","            onError","        ) {","        /*","         * this function will test buildApidoc's default handling-behavior-behavior","         */","            options = { modulePathList: module.paths };","            local.buildApidoc(options, onError);","        };","","        local.testCase_buildApp_default = local.testCase_buildApp_default || function (","            options,","            onError","        ) {","        /*","         * this function will test buildApp's default handling-behavior-behavior","         */","            local.testCase_buildReadme_default(options, local.onErrorThrow);","            local.testCase_buildLib_default(options, local.onErrorThrow);","            local.testCase_buildTest_default(options, local.onErrorThrow);","            local.testCase_buildCustomOrg_default(options, local.onErrorThrow);","            options = [];","            local.buildApp(options, onError);","        };","","        local.testCase_buildCustomOrg_default = local.testCase_buildCustomOrg_default ||","            function (options, onError) {","            /*","             * this function will test buildCustomOrg's default handling-behavior","             */","                options = {};","                local.buildCustomOrg(options, onError);","            };","","        local.testCase_buildLib_default = local.testCase_buildLib_default || function (","            options,","            onError","        ) {","        /*","         * this function will test buildLib's default handling-behavior","         */","            options = {};","            local.buildLib(options, onError);","        };","","        local.testCase_buildReadme_default = local.testCase_buildReadme_default || function (","            options,","            onError","        ) {","        /*","         * this function will test buildReadme's default handling-behavior-behavior","         */","            options = {};","            local.buildReadme(options, onError);","        };","","        local.testCase_buildTest_default = local.testCase_buildTest_default || function (","            options,","            onError","        ) {","        /*","         * this function will test buildTest's default handling-behavior","         */","            options = {};","            local.buildTest(options, onError);","        };","","        local.testCase_webpage_default = local.testCase_webpage_default || function (","            options,","            onError","        ) {","        /*","         * this function will test webpage's default handling-behavior","         */","            options = { modeCoverageMerge: true, url: local.serverLocalHost + '?modeTest=1' };","            local.browserTest(options, onError);","        };","","        // run test-server","        local.testRunServer(local);","        break;","    }","}());",""],"l":{"12":2,"14":2,"19":2,"21":2,"23":2,"24":2,"25":2,"30":1,"37":2,"40":2,"43":1,"47":1,"50":1,"52":1,"55":2,"61":2,"62":2,"64":2,"70":1,"76":1,"82":2,"83":2,"85":2,"91":1,"98":1,"102":1,"105":1,"112":1,"119":1,"120":1,"123":1,"130":1,"131":1,"132":1,"133":1,"134":1,"135":1,"138":1,"143":2,"144":2,"147":1,"154":2,"155":2,"158":1,"165":2,"166":2,"169":1,"176":2,"177":2,"180":1,"187":1,"188":1,"192":1,"193":1}},"/home/travis/build/npmtest/node-npmtest-facebook-chat-api/lib.npmtest_facebook_chat_api.js":{"path":"/home/travis/build/npmtest/node-npmtest-facebook-chat-api/lib.npmtest_facebook_chat_api.js","s":{"1":2,"2":2,"3":2,"4":2,"5":2,"6":2,"7":2,"8":1,"9":2,"10":2,"11":2,"12":2,"13":1,"14":1,"15":1,"16":1},"b":{"1":[2,1,1,1],"2":[1,1,1,1],"3":[1,1],"4":[2,2],"5":[1,1]},"f":{"1":2,"2":2,"3":2},"fnMap":{"1":{"name":"(anonymous_1)","line":12,"loc":{"start":{"line":12,"column":1},"end":{"line":12,"column":13}}},"2":{"name":"(anonymous_2)","line":19,"loc":{"start":{"line":19,"column":5},"end":{"line":19,"column":17}}},"3":{"name":"(anonymous_3)","line":23,"loc":{"start":{"line":23,"column":24},"end":{"line":23,"column":36}}}},"statementMap":{"1":{"start":{"line":12,"column":0},"end":{"line":53,"column":5}},"2":{"start":{"line":14,"column":4},"end":{"line":14,"column":14}},"3":{"start":{"line":19,"column":4},"end":{"line":52,"column":9}},"4":{"start":{"line":21,"column":8},"end":{"line":21,"column":19}},"5":{"start":{"line":23,"column":8},"end":{"line":35,"column":13}},"6":{"start":{"line":24,"column":12},"end":{"line":34,"column":13}},"7":{"start":{"line":25,"column":16},"end":{"line":28,"column":30}},"8":{"start":{"line":30,"column":16},"end":{"line":33,"column":27}},"9":{"start":{"line":37,"column":8},"end":{"line":39,"column":21}},"10":{"start":{"line":41,"column":8},"end":{"line":41,"column":54}},"11":{"start":{"line":43,"column":8},"end":{"line":43,"column":62}},"12":{"start":{"line":45,"column":8},"end":{"line":51,"column":9}},"13":{"start":{"line":46,"column":12},"end":{"line":46,"column":68}},"14":{"start":{"line":48,"column":12},"end":{"line":48,"column":35}},"15":{"start":{"line":49,"column":12},"end":{"line":49,"column":49}},"16":{"start":{"line":50,"column":12},"end":{"line":50,"column":43}}},"branchMap":{"1":{"line":25,"type":"binary-expr","locations":[{"start":{"line":25,"column":23},"end":{"line":25,"column":62}},{"start":{"line":26,"column":20},"end":{"line":26,"column":70}},{"start":{"line":27,"column":20},"end":{"line":27,"column":71}},{"start":{"line":28,"column":20},"end":{"line":28,"column":29}}]},"2":{"line":30,"type":"binary-expr","locations":[{"start":{"line":30,"column":23},"end":{"line":30,"column":37}},{"start":{"line":31,"column":20},"end":{"line":31,"column":61}},{"start":{"line":32,"column":20},"end":{"line":32,"column":70}},{"start":{"line":33,"column":20},"end":{"line":33,"column":26}}]},"3":{"line":37,"type":"cond-expr","locations":[{"start":{"line":38,"column":14},"end":{"line":38,"column":20}},{"start":{"line":39,"column":14},"end":{"line":39,"column":20}}]},"4":{"line":41,"type":"binary-expr","locations":[{"start":{"line":41,"column":16},"end":{"line":41,"column":44}},{"start":{"line":41,"column":48},"end":{"line":41,"column":53}}]},"5":{"line":45,"type":"if","locations":[{"start":{"line":45,"column":8},"end":{"line":45,"column":8}},{"start":{"line":45,"column":8},"end":{"line":45,"column":8}}]}},"code":["/* istanbul instrument in package npmtest_facebook_chat_api */","/*jslint","    bitwise: true,","    browser: true,","    maxerr: 8,","    maxlen: 96,","    node: true,","    nomen: true,","    regexp: true,","    stupid: true","*/","(function () {","    'use strict';","    var local;","","","","    // run shared js-env code - init-before","    (function () {","        // init local","        local = {};","        // init modeJs","        local.modeJs = (function () {","            try {","                return typeof navigator.userAgent === 'string' &&","                    typeof document.querySelector('body') === 'object' &&","                    typeof XMLHttpRequest.prototype.open === 'function' &&","                    'browser';","            } catch (errorCaughtBrowser) {","                return module.exports &&","                    typeof process.versions.node === 'string' &&","                    typeof require('http').createServer === 'function' &&","                    'node';","            }","        }());","        // init global","        local.global = local.modeJs === 'browser'","            ? window","            : global;","        // init utility2_rollup","        local = local.global.utility2_rollup || local;","        // init lib","        local.local = local.npmtest_facebook_chat_api = local;","        // init exports","        if (local.modeJs === 'browser') {","            local.global.utility2_npmtest_facebook_chat_api = local;","        } else {","            module.exports = local;","            module.exports.__dirname = __dirname;","            module.exports.module = module;","        }","    }());","}());",""],"l":{"12":2,"14":2,"19":2,"21":2,"23":2,"24":2,"25":2,"30":1,"37":2,"41":2,"43":2,"45":2,"46":1,"48":1,"49":1,"50":1}},"/home/travis/build/npmtest/node-npmtest-facebook-chat-api/example.js":{"path":"/home/travis/build/npmtest/node-npmtest-facebook-chat-api/example.js","s":{"1":2,"2":2,"3":2,"4":2,"5":2,"6":2,"7":2,"8":1,"9":2,"10":2,"11":2,"12":2,"13":1,"14":2,"15":2,"16":2,"17":2,"18":2,"19":0,"20":2,"21":1,"22":1,"23":1,"24":1,"25":1,"26":0,"27":0,"28":1,"29":1,"30":2,"31":0,"32":0,"33":0,"34":1,"35":2,"36":2,"37":3,"38":3,"39":3,"40":3,"41":0,"42":3,"43":3,"44":3,"45":1,"46":3,"47":1,"48":1,"49":1,"50":1,"51":1,"52":1,"53":1,"54":1,"55":1,"56":1,"57":0,"58":1,"59":6,"60":6,"61":1,"62":2,"63":0,"64":2,"65":1,"66":1,"67":0,"68":0,"69":0,"70":0,"71":0,"72":0,"73":0,"74":0,"75":0,"76":0,"77":0,"78":0,"79":0,"80":0,"81":0,"82":0,"83":0},"b":{"1":[2,1,1,1],"2":[1,1,1,1],"3":[1,1],"4":[2,2],"5":[1,1],"6":[1,1],"7":[2,0],"8":[2,1,1,1,1,1],"9":[0,2,0],"10":[1,1],"11":[2,1,1],"12":[1,0],"13":[0,2],"14":[2,0,0,0,0,0,0],"15":[0,3],"16":[3,0],"17":[1,1],"18":[0,1],"19":[1,2,0,2],"20":[1,0],"21":[1,1],"22":[0,0],"23":[0,0],"24":[0,0],"25":[0,0],"26":[0,0],"27":[0,0],"28":[0,0]},"f":{"1":2,"2":2,"3":2,"4":2,"5":2,"6":2,"7":3,"8":3,"9":3,"10":1,"11":6,"12":0},"fnMap":{"1":{"name":"(anonymous_1)","line":26,"loc":{"start":{"line":26,"column":1},"end":{"line":26,"column":13}}},"2":{"name":"(anonymous_2)","line":33,"loc":{"start":{"line":33,"column":5},"end":{"line":33,"column":17}}},"3":{"name":"(anonymous_3)","line":37,"loc":{"start":{"line":37,"column":24},"end":{"line":37,"column":36}}},"4":{"name":"(anonymous_4)","line":69,"loc":{"start":{"line":69,"column":31},"end":{"line":69,"column":48}},"skip":true},"5":{"name":"(anonymous_5)","line":78,"loc":{"start":{"line":78,"column":26},"end":{"line":78,"column":45}},"skip":true},"6":{"name":"(anonymous_6)","line":123,"loc":{"start":{"line":123,"column":33},"end":{"line":123,"column":48}},"skip":true},"7":{"name":"(anonymous_7)","line":125,"loc":{"start":{"line":125,"column":27},"end":{"line":125,"column":39}},"skip":true},"8":{"name":"(anonymous_8)","line":133,"loc":{"start":{"line":133,"column":59},"end":{"line":133,"column":74}},"skip":true},"9":{"name":"(anonymous_9)","line":143,"loc":{"start":{"line":143,"column":45},"end":{"line":143,"column":62}},"skip":true},"10":{"name":"(anonymous_10)","line":144,"loc":{"start":{"line":144,"column":73},"end":{"line":144,"column":92}},"skip":true},"11":{"name":"(anonymous_11)","line":272,"loc":{"start":{"line":272,"column":51},"end":{"line":272,"column":77}},"skip":true},"12":{"name":"(anonymous_12)","line":315,"loc":{"start":{"line":315,"column":32},"end":{"line":315,"column":61}},"skip":true}},"statementMap":{"1":{"start":{"line":26,"column":0},"end":{"line":326,"column":5}},"2":{"start":{"line":28,"column":4},"end":{"line":28,"column":14}},"3":{"start":{"line":33,"column":4},"end":{"line":60,"column":9}},"4":{"start":{"line":35,"column":8},"end":{"line":35,"column":19}},"5":{"start":{"line":37,"column":8},"end":{"line":49,"column":13}},"6":{"start":{"line":38,"column":12},"end":{"line":48,"column":13}},"7":{"start":{"line":39,"column":16},"end":{"line":42,"column":30}},"8":{"start":{"line":44,"column":16},"end":{"line":47,"column":27}},"9":{"start":{"line":51,"column":8},"end":{"line":53,"column":21}},"10":{"start":{"line":55,"column":8},"end":{"line":57,"column":45}},"11":{"start":{"line":59,"column":8},"end":{"line":59,"column":35}},"12":{"start":{"line":61,"column":4},"end":{"line":325,"column":5}},"13":{"start":{"line":69,"column":8},"end":{"line":121,"column":10},"skip":true},"14":{"start":{"line":70,"column":12},"end":{"line":88,"column":13},"skip":true},"15":{"start":{"line":76,"column":16},"end":{"line":87,"column":19},"skip":true},"16":{"start":{"line":79,"column":20},"end":{"line":86,"column":21},"skip":true},"17":{"start":{"line":82,"column":24},"end":{"line":82,"column":43},"skip":true},"18":{"start":{"line":83,"column":24},"end":{"line":83,"column":30},"skip":true},"19":{"start":{"line":85,"column":24},"end":{"line":85,"column":49},"skip":true},"20":{"start":{"line":89,"column":12},"end":{"line":107,"column":13},"skip":true},"21":{"start":{"line":92,"column":16},"end":{"line":102,"column":17},"skip":true},"22":{"start":{"line":93,"column":20},"end":{"line":93,"column":86},"skip":true},"23":{"start":{"line":94,"column":20},"end":{"line":95,"column":45},"skip":true},"24":{"start":{"line":96,"column":20},"end":{"line":96,"column":42},"skip":true},"25":{"start":{"line":97,"column":20},"end":{"line":97,"column":48},"skip":true},"26":{"start":{"line":100,"column":20},"end":{"line":100,"column":85},"skip":true},"27":{"start":{"line":101,"column":20},"end":{"line":101,"column":96},"skip":true},"28":{"start":{"line":103,"column":16},"end":{"line":103,"column":22},"skip":true},"29":{"start":{"line":106,"column":16},"end":{"line":106,"column":22},"skip":true},"30":{"start":{"line":108,"column":12},"end":{"line":120,"column":13},"skip":true},"31":{"start":{"line":114,"column":16},"end":{"line":119,"column":17},"skip":true},"32":{"start":{"line":116,"column":20},"end":{"line":116,"column":78},"skip":true},"33":{"start":{"line":118,"column":20},"end":{"line":118,"column":47},"skip":true},"34":{"start":{"line":123,"column":8},"end":{"line":141,"column":11},"skip":true},"35":{"start":{"line":124,"column":12},"end":{"line":124,"column":54},"skip":true},"36":{"start":{"line":125,"column":12},"end":{"line":140,"column":14},"skip":true},"37":{"start":{"line":126,"column":16},"end":{"line":126,"column":28},"skip":true},"38":{"start":{"line":127,"column":16},"end":{"line":127,"column":69},"skip":true},"39":{"start":{"line":128,"column":16},"end":{"line":128,"column":75},"skip":true},"40":{"start":{"line":129,"column":16},"end":{"line":131,"column":17},"skip":true},"41":{"start":{"line":130,"column":20},"end":{"line":130,"column":27},"skip":true},"42":{"start":{"line":133,"column":16},"end":{"line":137,"column":36},"skip":true},"43":{"start":{"line":134,"column":20},"end":{"line":136,"column":55},"skip":true},"44":{"start":{"line":139,"column":16},"end":{"line":139,"column":57},"skip":true},"45":{"start":{"line":143,"column":8},"end":{"line":147,"column":11},"skip":true},"46":{"start":{"line":144,"column":12},"end":{"line":146,"column":15},"skip":true},"47":{"start":{"line":145,"column":16},"end":{"line":145,"column":70},"skip":true},"48":{"start":{"line":149,"column":8},"end":{"line":149,"column":31},"skip":true},"49":{"start":{"line":150,"column":8},"end":{"line":150,"column":14},"skip":true},"50":{"start":{"line":158,"column":8},"end":{"line":158,"column":31},"skip":true},"51":{"start":{"line":160,"column":8},"end":{"line":160,"column":33},"skip":true},"52":{"start":{"line":161,"column":8},"end":{"line":161,"column":37},"skip":true},"53":{"start":{"line":162,"column":8},"end":{"line":162,"column":35},"skip":true},"54":{"start":{"line":164,"column":8},"end":{"line":164,"column":50},"skip":true},"55":{"start":{"line":166,"column":8},"end":{"line":256,"column":2},"skip":true},"56":{"start":{"line":258,"column":8},"end":{"line":286,"column":9},"skip":true},"57":{"start":{"line":259,"column":12},"end":{"line":269,"column":14},"skip":true},"58":{"start":{"line":271,"column":12},"end":{"line":285,"column":19},"skip":true},"59":{"start":{"line":274,"column":20},"end":{"line":274,"column":35},"skip":true},"60":{"start":{"line":275,"column":20},"end":{"line":284,"column":21},"skip":true},"61":{"start":{"line":277,"column":24},"end":{"line":277,"column":64},"skip":true},"62":{"start":{"line":279,"column":24},"end":{"line":279,"column":40},"skip":true},"63":{"start":{"line":281,"column":24},"end":{"line":281,"column":40},"skip":true},"64":{"start":{"line":283,"column":24},"end":{"line":283,"column":39},"skip":true},"65":{"start":{"line":288,"column":8},"end":{"line":290,"column":9},"skip":true},"66":{"start":{"line":289,"column":12},"end":{"line":289,"column":18},"skip":true},"67":{"start":{"line":291,"column":8},"end":{"line":293,"column":54},"skip":true},"68":{"start":{"line":296,"column":8},"end":{"line":301,"column":37},"skip":true},"69":{"start":{"line":303,"column":8},"end":{"line":303,"column":82},"skip":true},"70":{"start":{"line":306,"column":8},"end":{"line":308,"column":9},"skip":true},"71":{"start":{"line":307,"column":12},"end":{"line":307,"column":82},"skip":true},"72":{"start":{"line":310,"column":8},"end":{"line":312,"column":9},"skip":true},"73":{"start":{"line":311,"column":12},"end":{"line":311,"column":18},"skip":true},"74":{"start":{"line":313,"column":8},"end":{"line":313,"column":54},"skip":true},"75":{"start":{"line":314,"column":8},"end":{"line":314,"column":69},"skip":true},"76":{"start":{"line":315,"column":8},"end":{"line":323,"column":36},"skip":true},"77":{"start":{"line":316,"column":12},"end":{"line":316,"column":61},"skip":true},"78":{"start":{"line":317,"column":12},"end":{"line":320,"column":13},"skip":true},"79":{"start":{"line":318,"column":16},"end":{"line":318,"column":75},"skip":true},"80":{"start":{"line":319,"column":16},"end":{"line":319,"column":23},"skip":true},"81":{"start":{"line":321,"column":12},"end":{"line":321,"column":38},"skip":true},"82":{"start":{"line":322,"column":12},"end":{"line":322,"column":27},"skip":true},"83":{"start":{"line":324,"column":8},"end":{"line":324,"column":14},"skip":true}},"branchMap":{"1":{"line":39,"type":"binary-expr","locations":[{"start":{"line":39,"column":23},"end":{"line":39,"column":62}},{"start":{"line":40,"column":20},"end":{"line":40,"column":70}},{"start":{"line":41,"column":20},"end":{"line":41,"column":71}},{"start":{"line":42,"column":20},"end":{"line":42,"column":29}}]},"2":{"line":44,"type":"binary-expr","locations":[{"start":{"line":44,"column":23},"end":{"line":44,"column":37}},{"start":{"line":45,"column":20},"end":{"line":45,"column":61}},{"start":{"line":46,"column":20},"end":{"line":46,"column":70}},{"start":{"line":47,"column":20},"end":{"line":47,"column":26}}]},"3":{"line":51,"type":"cond-expr","locations":[{"start":{"line":52,"column":14},"end":{"line":52,"column":20}},{"start":{"line":53,"column":14},"end":{"line":53,"column":20}}]},"4":{"line":55,"type":"binary-expr","locations":[{"start":{"line":55,"column":16},"end":{"line":55,"column":44}},{"start":{"line":55,"column":49},"end":{"line":57,"column":43}}]},"5":{"line":55,"type":"cond-expr","locations":[{"start":{"line":56,"column":14},"end":{"line":56,"column":61}},{"start":{"line":57,"column":14},"end":{"line":57,"column":43}}]},"6":{"line":61,"type":"switch","locations":[{"start":{"line":68,"column":4},"end":{"line":150,"column":14},"skip":true},{"start":{"line":156,"column":4},"end":{"line":324,"column":14},"skip":true}]},"7":{"line":70,"type":"if","locations":[{"start":{"line":70,"column":12},"end":{"line":70,"column":12},"skip":true},{"start":{"line":70,"column":12},"end":{"line":70,"column":12},"skip":true}]},"8":{"line":70,"type":"binary-expr","locations":[{"start":{"line":70,"column":16},"end":{"line":70,"column":22},"skip":true},{"start":{"line":70,"column":27},"end":{"line":70,"column":32},"skip":true},{"start":{"line":71,"column":20},"end":{"line":71,"column":39},"skip":true},{"start":{"line":72,"column":20},"end":{"line":72,"column":49},"skip":true},{"start":{"line":73,"column":20},"end":{"line":73,"column":58},"skip":true},{"start":{"line":74,"column":20},"end":{"line":74,"column":69},"skip":true}]},"9":{"line":79,"type":"switch","locations":[{"start":{"line":80,"column":20},"end":{"line":80,"column":33},"skip":true},{"start":{"line":81,"column":20},"end":{"line":83,"column":30},"skip":true},{"start":{"line":84,"column":20},"end":{"line":85,"column":49},"skip":true}]},"10":{"line":89,"type":"switch","locations":[{"start":{"line":90,"column":12},"end":{"line":103,"column":22},"skip":true},{"start":{"line":105,"column":12},"end":{"line":106,"column":22},"skip":true}]},"11":{"line":89,"type":"binary-expr","locations":[{"start":{"line":89,"column":20},"end":{"line":89,"column":25},"skip":true},{"start":{"line":89,"column":29},"end":{"line":89,"column":48},"skip":true},{"start":{"line":89,"column":52},"end":{"line":89,"column":74},"skip":true}]},"12":{"line":92,"type":"if","locations":[{"start":{"line":92,"column":16},"end":{"line":92,"column":16},"skip":true},{"start":{"line":92,"column":16},"end":{"line":92,"column":16},"skip":true}]},"13":{"line":108,"type":"if","locations":[{"start":{"line":108,"column":12},"end":{"line":108,"column":12},"skip":true},{"start":{"line":108,"column":12},"end":{"line":108,"column":12},"skip":true}]},"14":{"line":108,"type":"binary-expr","locations":[{"start":{"line":108,"column":16},"end":{"line":108,"column":61},"skip":true},{"start":{"line":108,"column":66},"end":{"line":108,"column":72},"skip":true},{"start":{"line":108,"column":77},"end":{"line":108,"column":82},"skip":true},{"start":{"line":109,"column":20},"end":{"line":109,"column":39},"skip":true},{"start":{"line":110,"column":20},"end":{"line":110,"column":49},"skip":true},{"start":{"line":111,"column":20},"end":{"line":111,"column":58},"skip":true},{"start":{"line":112,"column":20},"end":{"line":112,"column":68},"skip":true}]},"15":{"line":129,"type":"if","locations":[{"start":{"line":129,"column":16},"end":{"line":129,"column":16},"skip":true},{"start":{"line":129,"column":16},"end":{"line":129,"column":16},"skip":true}]},"16":{"line":134,"type":"cond-expr","locations":[{"start":{"line":135,"column":26},"end":{"line":135,"column":29},"skip":true},{"start":{"line":136,"column":26},"end":{"line":136,"column":54},"skip":true}]},"17":{"line":164,"type":"binary-expr","locations":[{"start":{"line":164,"column":27},"end":{"line":164,"column":43},"skip":true},{"start":{"line":164,"column":47},"end":{"line":164,"column":49},"skip":true}]},"18":{"line":258,"type":"if","locations":[{"start":{"line":258,"column":8},"end":{"line":258,"column":8},"skip":true},{"start":{"line":258,"column":8},"end":{"line":258,"column":8},"skip":true}]},"19":{"line":275,"type":"switch","locations":[{"start":{"line":276,"column":20},"end":{"line":277,"column":64},"skip":true},{"start":{"line":278,"column":20},"end":{"line":279,"column":40},"skip":true},{"start":{"line":280,"column":20},"end":{"line":281,"column":40},"skip":true},{"start":{"line":282,"column":20},"end":{"line":283,"column":39},"skip":true}]},"20":{"line":288,"type":"if","locations":[{"start":{"line":288,"column":8},"end":{"line":288,"column":8},"skip":true},{"start":{"line":288,"column":8},"end":{"line":288,"column":8},"skip":true}]},"21":{"line":288,"type":"binary-expr","locations":[{"start":{"line":288,"column":12},"end":{"line":288,"column":40},"skip":true},{"start":{"line":288,"column":44},"end":{"line":288,"column":67},"skip":true}]},"22":{"line":292,"type":"binary-expr","locations":[{"start":{"line":292,"column":12},"end":{"line":292,"column":50},"skip":true},{"start":{"line":293,"column":12},"end":{"line":293,"column":53},"skip":true}]},"23":{"line":297,"type":"binary-expr","locations":[{"start":{"line":297,"column":12},"end":{"line":297,"column":75},"skip":true},{"start":{"line":298,"column":12},"end":{"line":301,"column":36},"skip":true}]},"24":{"line":303,"type":"binary-expr","locations":[{"start":{"line":303,"column":43},"end":{"line":303,"column":75},"skip":true},{"start":{"line":303,"column":79},"end":{"line":303,"column":81},"skip":true}]},"25":{"line":306,"type":"if","locations":[{"start":{"line":306,"column":8},"end":{"line":306,"column":8},"skip":true},{"start":{"line":306,"column":8},"end":{"line":306,"column":8},"skip":true}]},"26":{"line":310,"type":"if","locations":[{"start":{"line":310,"column":8},"end":{"line":310,"column":8},"skip":true},{"start":{"line":310,"column":8},"end":{"line":310,"column":8},"skip":true}]},"27":{"line":313,"type":"binary-expr","locations":[{"start":{"line":313,"column":27},"end":{"line":313,"column":43},"skip":true},{"start":{"line":313,"column":47},"end":{"line":313,"column":53},"skip":true}]},"28":{"line":317,"type":"if","locations":[{"start":{"line":317,"column":12},"end":{"line":317,"column":12},"skip":true},{"start":{"line":317,"column":12},"end":{"line":317,"column":12},"skip":true}]}},"code":["/*","example.js","","quickstart example","","instruction","    1. save this script as example.js","    2. run the shell command:","        $ npm install npmtest-facebook-chat-api && PORT=8081 node example.js","    3. play with the browser-demo on http://127.0.0.1:8081","*/","","","","/* istanbul instrument in package npmtest_facebook_chat_api */","/*jslint","    bitwise: true,","    browser: true,","    maxerr: 8,","    maxlen: 96,","    node: true,","    nomen: true,","    regexp: true,","    stupid: true","*/","(function () {","    'use strict';","    var local;","","","","    // run shared js-env code - init-before","    (function () {","        // init local","        local = {};","        // init modeJs","        local.modeJs = (function () {","            try {","                return typeof navigator.userAgent === 'string' &&","                    typeof document.querySelector('body') === 'object' &&","                    typeof XMLHttpRequest.prototype.open === 'function' &&","                    'browser';","            } catch (errorCaughtBrowser) {","                return module.exports &&","                    typeof process.versions.node === 'string' &&","                    typeof require('http').createServer === 'function' &&","                    'node';","            }","        }());","        // init global","        local.global = local.modeJs === 'browser'","            ? window","            : global;","        // init utility2_rollup","        local = local.global.utility2_rollup || (local.modeJs === 'browser'","            ? local.global.utility2_npmtest_facebook_chat_api","            : global.utility2_moduleExports);","        // export local","        local.global.local = local;","    }());","    switch (local.modeJs) {","","","","    // init-after","    // run browser js-env code - init-after","    /* istanbul ignore next */","    case 'browser':","        local.testRunBrowser = function (event) {","            if (!event || (event &&","                    event.currentTarget &&","                    event.currentTarget.className &&","                    event.currentTarget.className.includes &&","                    event.currentTarget.className.includes('onreset'))) {","                // reset output","                Array.from(","                    document.querySelectorAll('body > .resettable')","                ).forEach(function (element) {","                    switch (element.tagName) {","                    case 'INPUT':","                    case 'TEXTAREA':","                        element.value = '';","                        break;","                    default:","                        element.textContent = '';","                    }","                });","            }","            switch (event && event.currentTarget && event.currentTarget.id) {","            case 'testRunButton1':","                // show tests","                if (document.querySelector('#testReportDiv1').style.display === 'none') {","                    document.querySelector('#testReportDiv1').style.display = 'block';","                    document.querySelector('#testRunButton1').textContent =","                        'hide internal test';","                    local.modeTest = true;","                    local.testRunDefault(local);","                // hide tests","                } else {","                    document.querySelector('#testReportDiv1').style.display = 'none';","                    document.querySelector('#testRunButton1').textContent = 'run internal test';","                }","                break;","            // custom-case","            default:","                break;","            }","            if (document.querySelector('#inputTextareaEval1') && (!event || (event &&","                    event.currentTarget &&","                    event.currentTarget.className &&","                    event.currentTarget.className.includes &&","                    event.currentTarget.className.includes('oneval')))) {","                // try to eval input-code","                try {","                    /*jslint evil: true*/","                    eval(document.querySelector('#inputTextareaEval1').value);","                } catch (errorCaught) {","                    console.error(errorCaught);","                }","            }","        };","        // log stderr and stdout to #outputTextareaStdout1","        ['error', 'log'].forEach(function (key) {","            console[key + '_original'] = console[key];","            console[key] = function () {","                var element;","                console[key + '_original'].apply(console, arguments);","                element = document.querySelector('#outputTextareaStdout1');","                if (!element) {","                    return;","                }","                // append text to #outputTextareaStdout1","                element.value += Array.from(arguments).map(function (arg) {","                    return typeof arg === 'string'","                        ? arg","                        : JSON.stringify(arg, null, 4);","                }).join(' ') + '\\n';","                // scroll textarea to bottom","                element.scrollTop = element.scrollHeight;","            };","        });","        // init event-handling","        ['change', 'click', 'keyup'].forEach(function (event) {","            Array.from(document.querySelectorAll('.on' + event)).forEach(function (element) {","                element.addEventListener(event, local.testRunBrowser);","            });","        });","        // run tests","        local.testRunBrowser();","        break;","","","","    // run node js-env code - init-after","    /* istanbul ignore next */","    case 'node':","        // export local","        module.exports = local;","        // require modules","        local.fs = require('fs');","        local.http = require('http');","        local.url = require('url');","        // init assets","        local.assetsDict = local.assetsDict || {};","        /* jslint-ignore-begin */","        local.assetsDict['/assets.index.template.html'] = '\\","<!doctype html>\\n\\","<html lang=\"en\">\\n\\","<head>\\n\\","<meta charset=\"UTF-8\">\\n\\","<meta name=\"viewport\" content=\"width=device-width, initial-scale=1\">\\n\\","<title>{{env.npm_package_name}} (v{{env.npm_package_version}})</title>\\n\\","<style>\\n\\","/*csslint\\n\\","    box-sizing: false,\\n\\","    universal-selector: false\\n\\","*/\\n\\","* {\\n\\","    box-sizing: border-box;\\n\\","}\\n\\","body {\\n\\","    background: #dde;\\n\\","    font-family: Arial, Helvetica, sans-serif;\\n\\","    margin: 2rem;\\n\\","}\\n\\","body > * {\\n\\","    margin-bottom: 1rem;\\n\\","}\\n\\",".utility2FooterDiv {\\n\\","    margin-top: 20px;\\n\\","    text-align: center;\\n\\","}\\n\\","</style>\\n\\","<style>\\n\\","/*csslint\\n\\","*/\\n\\","textarea {\\n\\","    font-family: monospace;\\n\\","    height: 10rem;\\n\\","    width: 100%;\\n\\","}\\n\\","textarea[readonly] {\\n\\","    background: #ddd;\\n\\","}\\n\\","</style>\\n\\","</head>\\n\\","<body>\\n\\","<!-- utility2-comment\\n\\","<div id=\"ajaxProgressDiv1\" style=\"background: #d00; height: 2px; left: 0; margin: 0; padding: 0; position: fixed; top: 0; transition: background 0.5s, width 1.5s; width: 25%;\"></div>\\n\\","utility2-comment -->\\n\\","<h1>\\n\\","<!-- utility2-comment\\n\\","    <a\\n\\","        {{#if env.npm_package_homepage}}\\n\\","        href=\"{{env.npm_package_homepage}}\"\\n\\","        {{/if env.npm_package_homepage}}\\n\\","        target=\"_blank\"\\n\\","    >\\n\\","utility2-comment -->\\n\\","        {{env.npm_package_name}} (v{{env.npm_package_version}})\\n\\","<!-- utility2-comment\\n\\","    </a>\\n\\","utility2-comment -->\\n\\","</h1>\\n\\","<h3>{{env.npm_package_description}}</h3>\\n\\","<!-- utility2-comment\\n\\","<h4><a download href=\"assets.app.js\">download standalone app</a></h4>\\n\\","<button class=\"onclick onreset\" id=\"testRunButton1\">run internal test</button><br>\\n\\","<div id=\"testReportDiv1\" style=\"display: none;\"></div>\\n\\","utility2-comment -->\\n\\","\\n\\","\\n\\","\\n\\","<label>stderr and stdout</label>\\n\\","<textarea class=\"resettable\" id=\"outputTextareaStdout1\" readonly></textarea>\\n\\","<!-- utility2-comment\\n\\","{{#if isRollup}}\\n\\","<script src=\"assets.app.js\"></script>\\n\\","{{#unless isRollup}}\\n\\","utility2-comment -->\\n\\","<script src=\"assets.utility2.rollup.js\"></script>\\n\\","<script src=\"jsonp.utility2._stateInit?callback=window.utility2._stateInit\"></script>\\n\\","<script src=\"assets.npmtest_facebook_chat_api.rollup.js\"></script>\\n\\","<script src=\"assets.example.js\"></script>\\n\\","<script src=\"assets.test.js\"></script>\\n\\","<!-- utility2-comment\\n\\","{{/if isRollup}}\\n\\","utility2-comment -->\\n\\","<div class=\"utility2FooterDiv\">\\n\\","    [ this app was created with\\n\\","    <a href=\"https://github.com/kaizhu256/node-utility2\" target=\"_blank\">utility2</a>\\n\\","    ]\\n\\","</div>\\n\\","</body>\\n\\","</html>\\n\\","';","        /* jslint-ignore-end */","        if (local.templateRender) {","            local.assetsDict['/'] = local.templateRender(","                local.assetsDict['/assets.index.template.html'],","                {","                    env: local.objectSetDefault(local.env, {","                        npm_package_description: 'the greatest app in the world!',","                        npm_package_name: 'my-app',","                        npm_package_nameAlias: 'my_app',","                        npm_package_version: '0.0.1'","                    })","                }","            );","        } else {","            local.assetsDict['/'] = local.assetsDict['/assets.index.template.html']","                .replace((/\\{\\{env\\.(\\w+?)\\}\\}/g), function (match0, match1) {","                    // jslint-hack","                    String(match0);","                    switch (match1) {","                    case 'npm_package_description':","                        return 'the greatest app in the world!';","                    case 'npm_package_name':","                        return 'my-app';","                    case 'npm_package_nameAlias':","                        return 'my_app';","                    case 'npm_package_version':","                        return '0.0.1';","                    }","                });","        }","        // run the cli","        if (local.global.utility2_rollup || module !== require.main) {","            break;","        }","        local.assetsDict['/assets.example.js'] =","            local.assetsDict['/assets.example.js'] ||","            local.fs.readFileSync(__filename, 'utf8');","        // bug-workaround - long $npm_package_buildCustomOrg","        /* jslint-ignore-begin */","        local.assetsDict['/assets.npmtest_facebook_chat_api.rollup.js'] =","            local.assetsDict['/assets.npmtest_facebook_chat_api.rollup.js'] ||","            local.fs.readFileSync(","                local.npmtest_facebook_chat_api.__dirname + '/lib.npmtest_facebook_chat_api.js',","                'utf8'","            ).replace((/^#!/), '//');","        /* jslint-ignore-end */","        local.assetsDict['/favicon.ico'] = local.assetsDict['/favicon.ico'] || '';","        // if $npm_config_timeout_exit exists,","        // then exit this process after $npm_config_timeout_exit ms","        if (Number(process.env.npm_config_timeout_exit)) {","            setTimeout(process.exit, Number(process.env.npm_config_timeout_exit));","        }","        // start server","        if (local.global.utility2_serverHttp1) {","            break;","        }","        process.env.PORT = process.env.PORT || '8081';","        console.error('server starting on port ' + process.env.PORT);","        local.http.createServer(function (request, response) {","            request.urlParsed = local.url.parse(request.url);","            if (local.assetsDict[request.urlParsed.pathname] !== undefined) {","                response.end(local.assetsDict[request.urlParsed.pathname]);","                return;","            }","            response.statusCode = 404;","            response.end();","        }).listen(process.env.PORT);","        break;","    }","}());",""],"l":{"26":2,"28":2,"33":2,"35":2,"37":2,"38":2,"39":2,"44":1,"51":2,"55":2,"59":2,"61":2,"69":1,"70":2,"76":2,"79":2,"82":2,"83":2,"85":1,"89":2,"92":1,"93":1,"94":1,"96":1,"97":1,"100":1,"101":1,"103":1,"106":1,"108":2,"114":1,"116":1,"118":1,"123":1,"124":2,"125":2,"126":3,"127":3,"128":3,"129":3,"130":1,"133":3,"134":3,"139":3,"143":1,"144":3,"145":1,"149":1,"150":1,"158":1,"160":1,"161":1,"162":1,"164":1,"166":1,"258":1,"259":1,"271":1,"274":6,"275":6,"277":1,"279":2,"281":1,"283":2,"288":1,"289":1,"291":1,"296":1,"303":1,"306":1,"307":1,"310":1,"311":1,"313":1,"314":1,"315":1,"316":1,"317":1,"318":1,"319":1,"321":1,"322":1,"324":1}},"/home/travis/build/npmtest/node-npmtest-facebook-chat-api/node_modules/facebook-chat-api/index.js":{"path":"/home/travis/build/npmtest/node-npmtest-facebook-chat-api/node_modules/facebook-chat-api/index.js","s":{"1":4,"2":0,"3":0,"4":0,"5":0,"6":1,"7":0,"8":0,"9":0,"10":0,"11":0,"12":0,"13":0,"14":0,"15":0,"16":0,"17":0,"18":0,"19":0,"20":0,"21":0,"22":0,"23":0,"24":0,"25":0,"26":0,"27":1,"28":0,"29":0,"30":0,"31":0,"32":0,"33":0,"34":0,"35":0,"36":0,"37":0,"38":0,"39":0,"40":0,"41":0,"42":0,"43":1,"44":0,"45":0,"46":0,"47":0,"48":0,"49":0,"50":0,"51":0,"52":0,"53":0,"54":0,"55":0,"56":0,"57":0,"58":0,"59":0,"60":0,"61":0,"62":0,"63":0,"64":0,"65":0,"66":0,"67":0,"68":0,"69":0,"70":0,"71":0,"72":0,"73":0,"74":0,"75":0,"76":0,"77":0,"78":0,"79":0,"80":0,"81":0,"82":0,"83":0,"84":0,"85":0,"86":0,"87":0,"88":0,"89":0,"90":0,"91":0,"92":0,"93":0,"94":0,"95":0,"96":0,"97":0,"98":0,"99":0,"100":0,"101":0,"102":0,"103":0,"104":0,"105":0,"106":0,"107":0,"108":0,"109":0,"110":1,"111":0,"112":0,"113":0,"114":0,"115":0,"116":0,"117":0,"118":0,"119":0,"120":0,"121":0,"122":0,"123":0,"124":0,"125":0,"126":0,"127":0,"128":0,"129":0,"130":0,"131":0,"132":0,"133":0,"134":0,"135":0,"136":0,"137":0,"138":0,"139":0,"140":0,"141":0,"142":0,"143":0,"144":0,"145":0,"146":0,"147":0,"148":0,"149":0,"150":0,"151":0,"152":0,"153":0,"154":0,"155":0,"156":0,"157":0,"158":0,"159":0,"160":0,"161":0,"162":0,"163":0,"164":0,"165":0,"166":1,"167":0,"168":0,"169":0,"170":0,"171":0,"172":0,"173":0},"b":{"1":[0,0,0,0,0,0,0,0],"2":[0,0],"3":[0,0],"4":[0,0],"5":[0,0],"6":[0,0],"7":[0,0],"8":[0,0],"9":[0,0],"10":[0,0],"11":[0,0],"12":[0,0],"13":[0,0],"14":[0,0],"15":[0,0],"16":[0,0],"17":[0,0],"18":[0,0],"19":[0,0]},"f":{"1":0,"2":0,"3":0,"4":0,"5":0,"6":0,"7":0,"8":0,"9":0,"10":0,"11":0,"12":0,"13":0,"14":0,"15":0,"16":0,"17":0,"18":0,"19":0,"20":0,"21":0,"22":0,"23":0,"24":0,"25":0,"26":0,"27":0,"28":0,"29":0,"30":0,"31":0,"32":0,"33":0,"34":0,"35":0,"36":0},"fnMap":{"1":{"name":"setOptions","line":10,"loc":{"start":{"line":10,"column":0},"end":{"line":10,"column":44}}},"2":{"name":"(anonymous_2)","line":11,"loc":{"start":{"line":11,"column":27},"end":{"line":11,"column":41}}},"3":{"name":"buildAPI","line":43,"loc":{"start":{"line":43,"column":0},"end":{"line":43,"column":44}}},"4":{"name":"(anonymous_4)","line":44,"loc":{"start":{"line":44,"column":70},"end":{"line":44,"column":84}}},"5":{"name":"getAppState","line":69,"loc":{"start":{"line":69,"column":17},"end":{"line":69,"column":40}}},"6":{"name":"(anonymous_6)","line":108,"loc":{"start":{"line":108,"column":19},"end":{"line":108,"column":31}}},"7":{"name":"makeLogin","line":115,"loc":{"start":{"line":115,"column":0},"end":{"line":115,"column":65}}},"8":{"name":"(anonymous_8)","line":116,"loc":{"start":{"line":116,"column":9},"end":{"line":116,"column":23}}},"9":{"name":"(anonymous_9)","line":122,"loc":{"start":{"line":122,"column":31},"end":{"line":122,"column":45}}},"10":{"name":"(anonymous_10)","line":126,"loc":{"start":{"line":126,"column":21},"end":{"line":126,"column":33}}},"11":{"name":"(anonymous_11)","line":152,"loc":{"start":{"line":152,"column":31},"end":{"line":152,"column":45}}},"12":{"name":"(anonymous_12)","line":162,"loc":{"start":{"line":162,"column":12},"end":{"line":162,"column":26}}},"13":{"name":"(anonymous_13)","line":175,"loc":{"start":{"line":175,"column":18},"end":{"line":175,"column":32}}},"14":{"name":"(anonymous_14)","line":180,"loc":{"start":{"line":180,"column":34},"end":{"line":180,"column":48}}},"15":{"name":"(anonymous_15)","line":184,"loc":{"start":{"line":184,"column":31},"end":{"line":184,"column":43}}},"16":{"name":"(anonymous_16)","line":193,"loc":{"start":{"line":193,"column":28},"end":{"line":193,"column":43}}},"17":{"name":"(anonymous_17)","line":199,"loc":{"start":{"line":199,"column":28},"end":{"line":199,"column":39}}},"18":{"name":"(anonymous_18)","line":207,"loc":{"start":{"line":207,"column":28},"end":{"line":207,"column":42}}},"19":{"name":"(anonymous_19)","line":219,"loc":{"start":{"line":219,"column":29},"end":{"line":219,"column":43}}},"20":{"name":"(anonymous_20)","line":237,"loc":{"start":{"line":237,"column":24},"end":{"line":237,"column":35}}},"21":{"name":"(anonymous_21)","line":245,"loc":{"start":{"line":245,"column":24},"end":{"line":245,"column":38}}},"22":{"name":"(anonymous_22)","line":258,"loc":{"start":{"line":258,"column":25},"end":{"line":258,"column":37}}},"23":{"name":"loginHelper","line":273,"loc":{"start":{"line":273,"column":0},"end":{"line":273,"column":73}}},"24":{"name":"(anonymous_24)","line":280,"loc":{"start":{"line":280,"column":17},"end":{"line":280,"column":29}}},"25":{"name":"(anonymous_25)","line":296,"loc":{"start":{"line":296,"column":12},"end":{"line":296,"column":23}}},"26":{"name":"(anonymous_26)","line":308,"loc":{"start":{"line":308,"column":10},"end":{"line":308,"column":24}}},"27":{"name":"(anonymous_27)","line":316,"loc":{"start":{"line":316,"column":10},"end":{"line":316,"column":21}}},"28":{"name":"(anonymous_28)","line":325,"loc":{"start":{"line":325,"column":10},"end":{"line":325,"column":24}}},"29":{"name":"(anonymous_29)","line":349,"loc":{"start":{"line":349,"column":14},"end":{"line":349,"column":28}}},"30":{"name":"(anonymous_30)","line":360,"loc":{"start":{"line":360,"column":10},"end":{"line":360,"column":28}}},"31":{"name":"(anonymous_31)","line":383,"loc":{"start":{"line":383,"column":10},"end":{"line":383,"column":21}}},"32":{"name":"(anonymous_32)","line":399,"loc":{"start":{"line":399,"column":12},"end":{"line":399,"column":23}}},"33":{"name":"(anonymous_33)","line":403,"loc":{"start":{"line":403,"column":12},"end":{"line":403,"column":30}}},"34":{"name":"(anonymous_34)","line":414,"loc":{"start":{"line":414,"column":10},"end":{"line":414,"column":21}}},"35":{"name":"(anonymous_35)","line":418,"loc":{"start":{"line":418,"column":11},"end":{"line":418,"column":23}}},"36":{"name":"login","line":424,"loc":{"start":{"line":424,"column":0},"end":{"line":424,"column":45}}}},"statementMap":{"1":{"start":{"line":3,"column":0},"end":{"line":3,"column":31}},"2":{"start":{"line":4,"column":0},"end":{"line":4,"column":33}},"3":{"start":{"line":5,"column":0},"end":{"line":5,"column":28}},"4":{"start":{"line":7,"column":0},"end":{"line":7,"column":31}},"5":{"start":{"line":8,"column":0},"end":{"line":8,"column":41}},"6":{"start":{"line":10,"column":0},"end":{"line":41,"column":1}},"7":{"start":{"line":11,"column":2},"end":{"line":40,"column":5}},"8":{"start":{"line":12,"column":4},"end":{"line":39,"column":5}},"9":{"start":{"line":14,"column":8},"end":{"line":14,"column":37}},"10":{"start":{"line":15,"column":8},"end":{"line":15,"column":50}},"11":{"start":{"line":16,"column":8},"end":{"line":16,"column":14}},"12":{"start":{"line":18,"column":8},"end":{"line":18,"column":50}},"13":{"start":{"line":19,"column":8},"end":{"line":19,"column":60}},"14":{"start":{"line":20,"column":8},"end":{"line":20,"column":14}},"15":{"start":{"line":22,"column":8},"end":{"line":22,"column":54}},"16":{"start":{"line":23,"column":8},"end":{"line":23,"column":14}},"17":{"start":{"line":25,"column":8},"end":{"line":25,"column":58}},"18":{"start":{"line":26,"column":8},"end":{"line":26,"column":14}},"19":{"start":{"line":28,"column":8},"end":{"line":28,"column":57}},"20":{"start":{"line":29,"column":8},"end":{"line":29,"column":14}},"21":{"start":{"line":31,"column":8},"end":{"line":31,"column":62}},"22":{"start":{"line":32,"column":8},"end":{"line":32,"column":14}},"23":{"start":{"line":34,"column":8},"end":{"line":34,"column":54}},"24":{"start":{"line":35,"column":8},"end":{"line":35,"column":14}},"25":{"start":{"line":37,"column":8},"end":{"line":37,"column":82}},"26":{"start":{"line":38,"column":8},"end":{"line":38,"column":14}},"27":{"start":{"line":43,"column":0},"end":{"line":113,"column":1}},"28":{"start":{"line":44,"column":2},"end":{"line":46,"column":5}},"29":{"start":{"line":45,"column":4},"end":{"line":45,"column":57}},"30":{"start":{"line":48,"column":2},"end":{"line":50,"column":3}},"31":{"start":{"line":49,"column":4},"end":{"line":49,"column":205}},"32":{"start":{"line":52,"column":2},"end":{"line":52,"column":70}},"33":{"start":{"line":53,"column":2},"end":{"line":53,"column":33}},"34":{"start":{"line":55,"column":2},"end":{"line":55,"column":63}},"35":{"start":{"line":58,"column":2},"end":{"line":65,"column":4}},"36":{"start":{"line":67,"column":2},"end":{"line":72,"column":4}},"37":{"start":{"line":70,"column":6},"end":{"line":70,"column":36}},"38":{"start":{"line":74,"column":2},"end":{"line":103,"column":4}},"39":{"start":{"line":105,"column":2},"end":{"line":105,"column":54}},"40":{"start":{"line":108,"column":2},"end":{"line":110,"column":5}},"41":{"start":{"line":109,"column":4},"end":{"line":109,"column":59}},"42":{"start":{"line":112,"column":2},"end":{"line":112,"column":34}},"43":{"start":{"line":115,"column":0},"end":{"line":270,"column":1}},"44":{"start":{"line":116,"column":2},"end":{"line":269,"column":4}},"45":{"start":{"line":117,"column":4},"end":{"line":117,"column":24}},"46":{"start":{"line":118,"column":4},"end":{"line":118,"column":31}},"47":{"start":{"line":119,"column":4},"end":{"line":119,"column":17}},"48":{"start":{"line":122,"column":4},"end":{"line":124,"column":7}},"49":{"start":{"line":123,"column":6},"end":{"line":123,"column":59}},"50":{"start":{"line":126,"column":4},"end":{"line":128,"column":7}},"51":{"start":{"line":127,"column":6},"end":{"line":127,"column":35}},"52":{"start":{"line":130,"column":4},"end":{"line":130,"column":36}},"53":{"start":{"line":131,"column":4},"end":{"line":131,"column":71}},"54":{"start":{"line":132,"column":4},"end":{"line":132,"column":106}},"55":{"start":{"line":133,"column":4},"end":{"line":133,"column":23}},"56":{"start":{"line":134,"column":4},"end":{"line":134,"column":25}},"57":{"start":{"line":135,"column":4},"end":{"line":135,"column":34}},"58":{"start":{"line":136,"column":4},"end":{"line":136,"column":72}},"59":{"start":{"line":137,"column":4},"end":{"line":137,"column":26}},"60":{"start":{"line":138,"column":4},"end":{"line":138,"column":26}},"61":{"start":{"line":139,"column":4},"end":{"line":139,"column":39}},"62":{"start":{"line":151,"column":4},"end":{"line":151,"column":45}},"63":{"start":{"line":152,"column":4},"end":{"line":155,"column":7}},"64":{"start":{"line":153,"column":6},"end":{"line":153,"column":77}},"65":{"start":{"line":154,"column":6},"end":{"line":154,"column":92}},"66":{"start":{"line":158,"column":4},"end":{"line":158,"column":39}},"67":{"start":{"line":159,"column":4},"end":{"line":268,"column":9}},"68":{"start":{"line":163,"column":8},"end":{"line":163,"column":34}},"69":{"start":{"line":164,"column":8},"end":{"line":166,"column":9}},"70":{"start":{"line":165,"column":10},"end":{"line":165,"column":52}},"71":{"start":{"line":169,"column":8},"end":{"line":263,"column":9}},"72":{"start":{"line":170,"column":10},"end":{"line":170,"column":110}},"73":{"start":{"line":172,"column":10},"end":{"line":262,"column":15}},"74":{"start":{"line":176,"column":14},"end":{"line":176,"column":34}},"75":{"start":{"line":178,"column":14},"end":{"line":178,"column":41}},"76":{"start":{"line":179,"column":14},"end":{"line":179,"column":27}},"77":{"start":{"line":180,"column":14},"end":{"line":182,"column":17}},"78":{"start":{"line":181,"column":16},"end":{"line":181,"column":69}},"79":{"start":{"line":184,"column":14},"end":{"line":186,"column":17}},"80":{"start":{"line":185,"column":16},"end":{"line":185,"column":45}},"81":{"start":{"line":188,"column":14},"end":{"line":188,"column":46}},"82":{"start":{"line":189,"column":14},"end":{"line":261,"column":15}},"83":{"start":{"line":191,"column":16},"end":{"line":223,"column":18}},"84":{"start":{"line":194,"column":20},"end":{"line":194,"column":47}},"85":{"start":{"line":195,"column":20},"end":{"line":195,"column":58}},"86":{"start":{"line":196,"column":20},"end":{"line":221,"column":25}},"87":{"start":{"line":201,"column":24},"end":{"line":201,"column":66}},"88":{"start":{"line":203,"column":24},"end":{"line":205,"column":56}},"89":{"start":{"line":208,"column":24},"end":{"line":208,"column":50}},"90":{"start":{"line":209,"column":24},"end":{"line":211,"column":25}},"91":{"start":{"line":210,"column":26},"end":{"line":210,"column":86}},"92":{"start":{"line":213,"column":24},"end":{"line":213,"column":62}},"93":{"start":{"line":217,"column":24},"end":{"line":217,"column":94}},"94":{"start":{"line":220,"column":24},"end":{"line":220,"column":38}},"95":{"start":{"line":225,"column":16},"end":{"line":227,"column":17}},"96":{"start":{"line":226,"column":18},"end":{"line":226,"column":170}},"97":{"start":{"line":228,"column":16},"end":{"line":232,"column":17}},"98":{"start":{"line":229,"column":18},"end":{"line":229,"column":62}},"99":{"start":{"line":231,"column":18},"end":{"line":231,"column":64}},"100":{"start":{"line":234,"column":16},"end":{"line":260,"column":21}},"101":{"start":{"line":239,"column":20},"end":{"line":239,"column":62}},"102":{"start":{"line":241,"column":20},"end":{"line":243,"column":52}},"103":{"start":{"line":246,"column":20},"end":{"line":246,"column":46}},"104":{"start":{"line":248,"column":20},"end":{"line":250,"column":21}},"105":{"start":{"line":249,"column":22},"end":{"line":249,"column":86}},"106":{"start":{"line":252,"column":20},"end":{"line":252,"column":58}},"107":{"start":{"line":256,"column":20},"end":{"line":256,"column":90}},"108":{"start":{"line":259,"column":20},"end":{"line":259,"column":32}},"109":{"start":{"line":265,"column":8},"end":{"line":267,"column":40}},"110":{"start":{"line":273,"column":0},"end":{"line":422,"column":1}},"111":{"start":{"line":274,"column":2},"end":{"line":274,"column":25}},"112":{"start":{"line":275,"column":2},"end":{"line":275,"column":27}},"113":{"start":{"line":279,"column":2},"end":{"line":301,"column":3}},"114":{"start":{"line":280,"column":4},"end":{"line":283,"column":7}},"115":{"start":{"line":281,"column":6},"end":{"line":281,"column":117}},"116":{"start":{"line":282,"column":6},"end":{"line":282,"column":47}},"117":{"start":{"line":286,"column":4},"end":{"line":288,"column":36}},"118":{"start":{"line":292,"column":4},"end":{"line":300,"column":9}},"119":{"start":{"line":297,"column":8},"end":{"line":299,"column":40}},"120":{"start":{"line":303,"column":2},"end":{"line":303,"column":17}},"121":{"start":{"line":304,"column":2},"end":{"line":304,"column":26}},"122":{"start":{"line":305,"column":2},"end":{"line":305,"column":17}},"123":{"start":{"line":307,"column":2},"end":{"line":394,"column":7}},"124":{"start":{"line":309,"column":6},"end":{"line":309,"column":26}},"125":{"start":{"line":310,"column":6},"end":{"line":310,"column":53}},"126":{"start":{"line":311,"column":6},"end":{"line":311,"column":21}},"127":{"start":{"line":312,"column":6},"end":{"line":312,"column":30}},"128":{"start":{"line":313,"column":6},"end":{"line":313,"column":21}},"129":{"start":{"line":314,"column":6},"end":{"line":314,"column":17}},"130":{"start":{"line":317,"column":6},"end":{"line":319,"column":8}},"131":{"start":{"line":320,"column":6},"end":{"line":320,"column":48}},"132":{"start":{"line":321,"column":6},"end":{"line":323,"column":42}},"133":{"start":{"line":326,"column":6},"end":{"line":326,"column":45}},"134":{"start":{"line":327,"column":6},"end":{"line":338,"column":8}},"135":{"start":{"line":339,"column":6},"end":{"line":339,"column":56}},"136":{"start":{"line":340,"column":6},"end":{"line":340,"column":119}},"137":{"start":{"line":341,"column":6},"end":{"line":341,"column":121}},"138":{"start":{"line":342,"column":6},"end":{"line":342,"column":106}},"139":{"start":{"line":343,"column":6},"end":{"line":343,"column":108}},"140":{"start":{"line":344,"column":6},"end":{"line":344,"column":141}},"141":{"start":{"line":346,"column":6},"end":{"line":358,"column":11}},"142":{"start":{"line":350,"column":10},"end":{"line":350,"column":25}},"143":{"start":{"line":351,"column":10},"end":{"line":355,"column":11}},"144":{"start":{"line":352,"column":12},"end":{"line":352,"column":59}},"145":{"start":{"line":354,"column":12},"end":{"line":354,"column":142}},"146":{"start":{"line":357,"column":10},"end":{"line":357,"column":21}},"147":{"start":{"line":361,"column":6},"end":{"line":361,"column":72}},"148":{"start":{"line":361,"column":30},"end":{"line":361,"column":72}},"149":{"start":{"line":363,"column":6},"end":{"line":376,"column":8}},"150":{"start":{"line":378,"column":6},"end":{"line":378,"column":45}},"151":{"start":{"line":379,"column":6},"end":{"line":381,"column":42}},"152":{"start":{"line":384,"column":6},"end":{"line":388,"column":8}},"153":{"start":{"line":389,"column":6},"end":{"line":389,"column":50}},"154":{"start":{"line":391,"column":6},"end":{"line":393,"column":42}},"155":{"start":{"line":397,"column":2},"end":{"line":410,"column":3}},"156":{"start":{"line":398,"column":4},"end":{"line":409,"column":9}},"157":{"start":{"line":400,"column":8},"end":{"line":401,"column":129}},"158":{"start":{"line":404,"column":8},"end":{"line":404,"column":133}},"159":{"start":{"line":405,"column":8},"end":{"line":405,"column":47}},"160":{"start":{"line":407,"column":8},"end":{"line":408,"column":58}},"161":{"start":{"line":413,"column":2},"end":{"line":421,"column":7}},"162":{"start":{"line":415,"column":6},"end":{"line":415,"column":44}},"163":{"start":{"line":416,"column":6},"end":{"line":416,"column":33}},"164":{"start":{"line":419,"column":6},"end":{"line":419,"column":39}},"165":{"start":{"line":420,"column":6},"end":{"line":420,"column":18}},"166":{"start":{"line":424,"column":0},"end":{"line":441,"column":1}},"167":{"start":{"line":425,"column":2},"end":{"line":428,"column":3}},"168":{"start":{"line":426,"column":4},"end":{"line":426,"column":23}},"169":{"start":{"line":427,"column":4},"end":{"line":427,"column":17}},"170":{"start":{"line":430,"column":2},"end":{"line":436,"column":4}},"171":{"start":{"line":438,"column":2},"end":{"line":438,"column":37}},"172":{"start":{"line":440,"column":2},"end":{"line":440,"column":96}},"173":{"start":{"line":443,"column":0},"end":{"line":443,"column":23}}},"branchMap":{"1":{"line":12,"type":"switch","locations":[{"start":{"line":13,"column":6},"end":{"line":16,"column":14}},{"start":{"line":17,"column":6},"end":{"line":20,"column":14}},{"start":{"line":21,"column":6},"end":{"line":23,"column":14}},{"start":{"line":24,"column":6},"end":{"line":26,"column":14}},{"start":{"line":27,"column":6},"end":{"line":29,"column":14}},{"start":{"line":30,"column":6},"end":{"line":32,"column":14}},{"start":{"line":33,"column":6},"end":{"line":35,"column":14}},{"start":{"line":36,"column":6},"end":{"line":38,"column":14}}]},"2":{"line":48,"type":"if","locations":[{"start":{"line":48,"column":2},"end":{"line":48,"column":2}},{"start":{"line":48,"column":2},"end":{"line":48,"column":2}}]},"3":{"line":127,"type":"binary-expr","locations":[{"start":{"line":127,"column":13},"end":{"line":127,"column":18}},{"start":{"line":127,"column":22},"end":{"line":127,"column":34}}]},"4":{"line":164,"type":"if","locations":[{"start":{"line":164,"column":8},"end":{"line":164,"column":8}},{"start":{"line":164,"column":8},"end":{"line":164,"column":8}}]},"5":{"line":169,"type":"if","locations":[{"start":{"line":169,"column":8},"end":{"line":169,"column":8}},{"start":{"line":169,"column":8},"end":{"line":169,"column":8}}]},"6":{"line":185,"type":"binary-expr","locations":[{"start":{"line":185,"column":23},"end":{"line":185,"column":28}},{"start":{"line":185,"column":32},"end":{"line":185,"column":44}}]},"7":{"line":189,"type":"if","locations":[{"start":{"line":189,"column":14},"end":{"line":189,"column":14}},{"start":{"line":189,"column":14},"end":{"line":189,"column":14}}]},"8":{"line":189,"type":"binary-expr","locations":[{"start":{"line":189,"column":18},"end":{"line":189,"column":70}},{"start":{"line":190,"column":18},"end":{"line":190,"column":60}}]},"9":{"line":209,"type":"if","locations":[{"start":{"line":209,"column":24},"end":{"line":209,"column":24}},{"start":{"line":209,"column":24},"end":{"line":209,"column":24}}]},"10":{"line":209,"type":"binary-expr","locations":[{"start":{"line":209,"column":28},"end":{"line":209,"column":45}},{"start":{"line":209,"column":49},"end":{"line":209,"column":93}}]},"11":{"line":225,"type":"if","locations":[{"start":{"line":225,"column":16},"end":{"line":225,"column":16}},{"start":{"line":225,"column":16},"end":{"line":225,"column":16}}]},"12":{"line":228,"type":"if","locations":[{"start":{"line":228,"column":16},"end":{"line":228,"column":16}},{"start":{"line":228,"column":16},"end":{"line":228,"column":16}}]},"13":{"line":248,"type":"if","locations":[{"start":{"line":248,"column":20},"end":{"line":248,"column":20}},{"start":{"line":248,"column":20},"end":{"line":248,"column":20}}]},"14":{"line":248,"type":"binary-expr","locations":[{"start":{"line":248,"column":24},"end":{"line":248,"column":41}},{"start":{"line":248,"column":45},"end":{"line":248,"column":89}}]},"15":{"line":279,"type":"if","locations":[{"start":{"line":279,"column":2},"end":{"line":279,"column":2}},{"start":{"line":279,"column":2},"end":{"line":279,"column":2}}]},"16":{"line":361,"type":"if","locations":[{"start":{"line":361,"column":6},"end":{"line":361,"column":6}},{"start":{"line":361,"column":6},"end":{"line":361,"column":6}}]},"17":{"line":397,"type":"if","locations":[{"start":{"line":397,"column":2},"end":{"line":397,"column":2}},{"start":{"line":397,"column":2},"end":{"line":397,"column":2}}]},"18":{"line":419,"type":"binary-expr","locations":[{"start":{"line":419,"column":25},"end":{"line":419,"column":32}},{"start":{"line":419,"column":36},"end":{"line":419,"column":37}}]},"19":{"line":425,"type":"if","locations":[{"start":{"line":425,"column":2},"end":{"line":425,"column":2}},{"start":{"line":425,"column":2},"end":{"line":425,"column":2}}]}},"code":["\"use strict\";","","var utils = require(\"./utils\");","var cheerio = require(\"cheerio\");","var log = require(\"npmlog\");","","var defaultLogRecordSize = 100;","log.maxRecordSize = defaultLogRecordSize;","","function setOptions(globalOptions, options) {","  Object.keys(options).map(function(key) {","    switch (key) {","      case 'logLevel':","        log.level = options.logLevel;","        globalOptions.logLevel = options.logLevel;","        break;","      case 'logRecordSize':","        log.maxRecordSize = options.logRecordSize;","        globalOptions.logRecordSize = options.logRecordSize;","        break;","      case 'selfListen':","        globalOptions.selfListen = options.selfListen;","        break;","      case 'listenEvents':","        globalOptions.listenEvents = options.listenEvents;","        break;","      case 'pageID':","        globalOptions.pageID = options.pageID.toString();","        break;","      case 'updatePresence':","        globalOptions.updatePresence = options.updatePresence;","        break;","      case 'forceLogin':","        globalOptions.forceLogin = options.forceLogin;","        break;","      default:","        log.warn(\"setOptions\", \"Unrecognized option given to setOptions: \" + key);","        break;","    }","  });","}","","function buildAPI(globalOptions, html, jar) {","  var maybeCookie = jar.getCookies(\"https://www.facebook.com\").filter(function(val) {","    return val.cookieString().split(\"=\")[0] === \"c_user\";","  });","","  if(maybeCookie.length === 0) {","    throw {error: \"Error retrieving userID. This can be caused by a lot of things, including getting blocked by Facebook for logging in from an unknown location. Try logging in with a browser to verify.\"};","  }","","  var userID = maybeCookie[0].cookieString().split(\"=\")[1].toString();","  log.info(\"login\", \"Logged in\");","","  var clientID = (Math.random() * 2147483648 | 0).toString(16);","","  // All data available to api functions","  var ctx = {","    userID: userID,","    jar: jar,","    clientID: clientID,","    globalOptions: globalOptions,","    loggedIn: true,","    access_token: 'NONE'","  };","","  var api = {","    setOptions: setOptions.bind(null, globalOptions),","    getAppState: function getAppState() {","      return utils.getAppState(jar);","    },","  };","","  var apiFuncNames = [","    'addUserToGroup',","    'changeArchivedStatus',","    'changeBlockedStatus',","    'changeGroupImage',","    'changeThreadColor',","    'changeThreadEmoji',","    'changeNickname',","    'createPoll',","    'deleteMessage',","    'deleteThread',","    'getCurrentUserID',","    'getFriendsList',","    'getThreadHistory',","    'getThreadInfo',","    'getThreadList',","    'getThreadPictures',","    'getUserID',","    'getUserInfo',","    'handleMessageRequest',","    'listen',","    'logout',","    'markAsRead',","    'muteThread',","    'removeUserFromGroup',","    'searchForThread',","    'sendMessage',","    'sendTypingIndicator',","    'setTitle',","  ];","","  var defaultFuncs = utils.makeDefaults(html, userID);","","  // Load all api functions in a loop","  apiFuncNames.map(function(v) {","    api[v] = require('./src/' + v)(defaultFuncs, api, ctx);","  });","","  return [ctx, defaultFuncs, api];","}","","function makeLogin(jar, email, password, loginOptions, callback) {","  return function(res) {","    var html = res.body;","    var $ = cheerio.load(html);","    var arr = [];","","    // This will be empty, but just to be sure we leave it","    $(\"#login_form input\").map(function(i, v){","      arr.push({val: $(v).val(), name: $(v).attr(\"name\")});","    });","","    arr = arr.filter(function(v) {","      return v.val && v.val.length;","    });","","    var form = utils.arrToForm(arr);","    form.lsd = utils.getFrom(html, \"[\\\"LSD\\\",[],{\\\"token\\\":\\\"\", \"\\\"}\");","    form.lgndim = new Buffer(\"{\\\"w\\\":1440,\\\"h\\\":900,\\\"aw\\\":1440,\\\"ah\\\":834,\\\"c\\\":24}\").toString('base64');","    form.email = email;","    form.pass = password;","    form.default_persistent = '0';","    form.lgnrnd = utils.getFrom(html, \"name=\\\"lgnrnd\\\" value=\\\"\", \"\\\"\");","    form.locale = 'en_US';","    form.timezone = '240';","    form.lgnjs = ~~(Date.now() / 1000);","","","    // Getting cookies from the HTML page... (kill me now plz)","    // we used to get a bunch of cookies in the headers of the response of the","    // request, but FB changed and they now send those cookies inside the JS.","    // They run the JS which then injects the cookies in the page.","    // The \"solution\" is to parse through the html and find those cookies","    // which happen to be conveniently indicated with a _js_ in front of their","    // variable name.","    //","    // ---------- Very Hacky Part Starts -----------------","    var willBeCookies = html.split(\"\\\"_js_\");","    willBeCookies.slice(1).map(function(val) {","      var cookieData = JSON.parse(\"[\\\"\" + utils.getFrom(val, \"\", \"]\") + \"]\");","      jar.setCookie(utils.formatCookie(cookieData, \"facebook\"), \"https://www.facebook.com\");","    });","    // ---------- Very Hacky Part Ends -----------------","","    log.info(\"login\", \"Logging in...\");","    return utils","      .post(\"https://www.facebook.com/login.php?login_attempt=1&lwv=110\", jar, form)","      .then(utils.saveCookies(jar))","      .then(function(res) {","        var headers = res.headers;","        if (!headers.location) {","          throw {error: \"Wrong username/password.\"};","        }","","        // This means the account has login approvals turned on.","        if (headers.location.indexOf('https://www.facebook.com/checkpoint/') > -1) {","          var nextURL = 'https://www.facebook.com/checkpoint/?next=https%3A%2F%2Fwww.facebook.com%2Fhome.php';","","          return utils","            .get(headers.location, jar)","            .then(utils.saveCookies(jar))","            .then(function(res) {","              var html = res.body;","              // Make the form in advance which will contain the fb_dtsg and nh","              var $ = cheerio.load(html);","              var arr = [];","              $(\"form input\").map(function(i, v){","                arr.push({val: $(v).val(), name: $(v).attr(\"name\")});","              });","","              arr = arr.filter(function(v) {","                return v.val && v.val.length;","              });","","              var form = utils.arrToForm(arr);","              if (html.indexOf(\"Enter Security Code to Continue\") > -1 ||","                  html.indexOf(\"Enter Your Login Code\") > -1) {","                throw {","                  error: 'login-approval',","                  continue: function(code) {","                    form.approvals_code = code;","                    form['submit[Continue]'] = 'Continue';","                    return utils","                      .post(nextURL, jar, form)","                      .then(utils.saveCookies(jar))","                      .then(function() {","                        // Use the same form (safe I hope)","                        form.name_action_selected = 'save_device';","","                        return utils","                          .post(nextURL, jar, form)","                          .then(utils.saveCookies(jar));","                      })","                      .then(function(res) {","                        var headers = res.headers;","                        if (!headers.location && res.body.indexOf('Review Recent Login') > -1) {","                          throw {error: \"Something went wrong with login approvals.\"};","                        }","","                        var appState = utils.getAppState(jar);","","                        // Simply call loginHelper because all it needs is the jar","                        // and will then complete the login pr
[...]
back(err);","      });","  }","","  function sendContent(form, threadID, isSingleUser, messageAndOTID, callback) {","    // There are three cases here:","    // 1. threadID is of type array, where we're starting a new group chat with users","    //    specified in the array.","    // 2. User is sending a message to a specific user.","    // 3. No additional form params and the message goes to an existing group chat.","    if(utils.getType(threadID) === \"Array\") {","      for (var i  = 0; i < threadID.length; i++) {","        form['specific_to_list[' + i + ']'] = \"fbid:\" + threadID[i];","      }","      form['specific_to_list[' + (threadID.length) + ']'] = \"fbid:\" + ctx.userID;","      form['client_thread_id'] = \"root:\" + messageAndOTID;","      log.info(\"sendMessage\", \"Sending message to multiple users: \" + threadID);","    } else {","      // This means that threadID is the id of a user, and the chat","      // is a single person chat","      if(isSingleUser) {","        form['specific_to_list[0]'] = \"fbid:\" + threadID;","        form['specific_to_list[1]'] = \"fbid:\" + ctx.userID;","        form['other_user_fbid'] = threadID;","      } else {","        form['thread_fbid'] = threadID;","      }","    }","","    if(ctx.globalOptions.pageID) {","      form['author'] = \"fbid:\" + ctx.globalOptions.pageID;","      form['specific_to_list[1]'] = \"fbid:\" + ctx.globalOptions.pageID;","      form['creator_info[creatorID]'] = ctx.userID;","      form['creator_info[creatorType]'] = \"direct_admin\";","      form['creator_info[labelType]'] = \"sent_message\";","      form['creator_info[pageID]'] = ctx.globalOptions.pageID;","      form['request_user_id'] = ctx.globalOptions.pageID;","      form['creator_info[profileURI]'] = \"https://www.facebook.com/profile.php?id=\" + ctx.userID;","    }","","    defaultFuncs","      .post(\"https://www.facebook.com/messaging/send/\", ctx.jar, form)","      .then(utils.parseAndCheckLogin(ctx.jar, defaultFuncs))","      .then(function(resData) {","        if (!resData) {","          return callback({error: \"Send message failed.\"});","        }","","        if (resData.error) {","          if (resData.error === 1545012) {","            log.warn(\"sendMessage\", \"Got error 1545012. This might mean that you're not part of the conversation \"","              + threadID);","          }","          return callback(resData);","        }","","        var messageInfo = resData.payload.actions.reduce(function(p, v) {","          return {","            threadID: v.thread_fbid,","            messageID: v.message_id,","            timestamp: v.timestamp","          } || p; }, null);","","        return callback(null, messageInfo);","      })","      .catch(function(err) {","        log.error(\"sendMessage\", err);","        return callback(err);","      });","  }","","  function send(form, threadID, messageAndOTID, callback) {","    // We're doing a query to this to check if the given id is the id of","    // a user or of a group chat. The form will be different depending","    // on that.","    if(utils.getType(threadID) === \"Array\") {","      sendContent(form, threadID, false, messageAndOTID, callback);","    } else {","      api.getUserInfo(threadID, function(err, res) {","        if(err) {","          return callback(err);","        }","        sendContent(form, threadID, Object.keys(res).length > 0, messageAndOTID, callback);","      });","    }","  }","","  function handleUrl(msg, form, callback, cb) {","    if (msg.url) {","      form['shareable_attachment[share_type]'] = '100';","      getUrl(msg.url, function (err, params) {","        if (err) {","          return callback(err);","        }","","        form['shareable_attachment[share_params]'] = params;","        cb();","      });","    } else {","      cb();","    }","  }","","  function handleSticker(msg, form, callback, cb) {","    if (msg.sticker) {","      form['sticker_id'] = msg.sticker;","    }","    cb();","  }","","  function handleAttachment(msg, form, callback, cb) {","    if (msg.attachment) {","      form['image_ids'] = [];","      form['gif_ids'] = [];","      form['file_ids'] = [];","      form['video_ids'] = [];","      form['audio_ids'] = [];","","      if (utils.getType(msg.attachment) !== 'Array') {","        msg.attachment = [msg.attachment];","      }","","      uploadAttachment(msg.attachment, function (err, files) {","        if (err) {","          return callback(err);","        }","","        files.forEach(function (file) {","          var key = Object.keys(file);","          var type = key[0]; // image_id, file_id, etc","          form['' + type + 's'].push(file[type]); // push the id","        });","        cb();","      });","    } else {","      cb();","    }","  }","","  return function sendMessage(msg, threadID, callback) {","    if(!callback && utils.getType(threadID) === 'Function') {","      return callback({error: \"Pass a threadID as a second argument.\"});","    }","    if(!callback) {","      callback = function() {};","    }","","    var msgType = utils.getType(msg);","    var threadIDType = utils.getType(threadID);","","    if(msgType !== \"String\" && msgType !== \"Object\") {","      return callback({error: \"Message should be of type string or object and not \" + msgType + \".\"});","    }","","    // Changing this to accomodate an array of users","    if(threadIDType !== \"Array\" && threadIDType !== \"Number\" && threadIDType !== \"String\") {","      return callback({error: \"ThreadID should be of type number, string, or array and not \" + threadIDType + \".\"});","    }","","    if (msgType === \"String\") {","      msg = { body: msg };","    }","","    var disallowedProperties = Object.keys(msg).filter(prop => !allowedProperties[prop]);","    if (disallowedProperties.length > 0) {","      return callback({error: \"Dissallowed props: `\" + disallowedProperties.join(', ') + \"`\"});","    }","","    var messageAndOTID = utils.generateOfflineThreadingID();","","    var form = {","      'client' : 'mercury',","      'action_type' : 'ma-type:user-generated-message',","      'author' : 'fbid:' + ctx.userID,","      'timestamp' : Date.now(),","      'timestamp_absolute' : 'Today',","      'timestamp_relative' : utils.generateTimestampRelative(),","      'timestamp_time_passed' : '0',","      'is_unread' : false,","      'is_cleared' : false,","      'is_forward' : false,","      'is_filtered_content' : false,","      'is_filtered_content_bh':false,","      'is_filtered_content_account':false,","      'is_filtered_content_quasar':false,","      'is_filtered_content_invalid_app':false,","      'is_spoof_warning' : false,","      'source' : 'source:chat:web',","      'source_tags[0]' : 'source:chat',","      'body' : msg.body ? msg.body.toString() : \"\",","      'html_body' : false,","      'ui_push_phase' : 'V3',","      'status' : '0',","      'offline_threading_id' : messageAndOTID,","      'message_id' : messageAndOTID,","      'threading_id': utils.generateThreadingID(ctx.clientID),","      'ephemeral_ttl_mode:': '0',","      'manual_retry_cnt' : '0',","      'has_attachment' : !!(msg.attachment || msg.url || msg.sticker),","      'signatureID' : utils.getSignatureID(),","    };","","    handleSticker(msg, form, callback,","      () => handleAttachment(msg, form, callback,","        () => handleUrl(msg, form, callback,","          () => send(form, threadID, messageAndOTID, callback))));","  };","};",""],"l":{"3":2,"4":0,"5":0,"7":0,"14":0,"15":1,"16":0,"19":0,"20":0,"21":0,"24":0,"29":0,"33":0,"34":0,"39":0,"44":0,"47":0,"50":0,"51":0,"55":1,"56":0,"62":0,"66":0,"67":0,"70":0,"71":0,"74":0,"77":0,"78":0,"82":1,"88":0,"89":0,"90":0,"92":0,"93":0,"94":0,"98":0,"99":0,"100":0,"101":0,"103":0,"107":0,"108":0,"109":0,"110":0,"111":0,"112":0,"113":0,"114":0,"115":0,"118":0,"122":0,"123":0,"126":0,"127":0,"128":0,"131":0,"134":0,"135":0,"141":0,"144":0,"145":0,"149":1,"153":0,"154":0,"156":0,"157":0,"158":0,"160":0,"165":1,"166":0,"167":0,"168":0,"169":0,"170":0,"173":0,"174":0,"177":0,"181":1,"182":0,"183":0,"185":0,"188":1,"189":0,"190":0,"191":0,"192":0,"193":0,"194":0,"196":0,"197":0,"200":0,"201":0,"202":0,"205":0,"206":0,"207":0,"208":0,"210":0,"213":0,"217":0,"218":0,"219":0,"221":0,"222":0,"225":0,"226":0,"228":0,"229":0,"233":0,"234":0,"237":0,"238":0,"241":0,"242":0,"243":0,"246":0,"248":0,"280":0,"281":0,"282":0,"283":0}},"/home/travis/build/npmtest/node-npmtest-facebook-chat-api/node_modules/facebook-chat-api/src/sendTypingIndicator.js":{"path":"/home/travis/build/npmtest/node-npmtest-facebook-chat-api/node_modules/facebook-chat-api/src/sendTypingIndicator.js","s":{"1":2,"2":0,"3":0,"4":1,"5":0,"6":0,"7":0,"8":0,"9":0,"10":0,"11":0,"12":0,"13":0,"14":0,"15":0,"16":0,"17":0,"18":0,"19":0,"20":0,"21":0,"22":0},"b":{"1":[0,0],"2":[0,0],"3":[0,0],"4":[0,0],"5":[0,0]},"f":{"1":0,"2":0,"3":0,"4":0,"5":0,"6":0,"7":0,"8":0},"fnMap":{"1":{"name":"(anonymous_1)","line":6,"loc":{"start":{"line":6,"column":17},"end":{"line":6,"column":50}}},"2":{"name":"makeTypingIndicator","line":7,"loc":{"start":{"line":7,"column":2},"end":{"line":7,"column":56}}},"3":{"name":"(anonymous_3)","line":17,"loc":{"start":{"line":17,"column":30},"end":{"line":17,"column":49}}},"4":{"name":"(anonymous_4)","line":30,"loc":{"start":{"line":30,"column":14},"end":{"line":30,"column":32}}},"5":{"name":"(anonymous_5)","line":37,"loc":{"start":{"line":37,"column":15},"end":{"line":37,"column":29}}},"6":{"name":"sendTypingIndicator","line":44,"loc":{"start":{"line":44,"column":9},"end":{"line":44,"column":58}}},"7":{"name":"end","line":52,"loc":{"start":{"line":52,"column":11},"end":{"line":52,"column":28}}},"8":{"name":"(anonymous_8)","line":53,"loc":{"start":{"line":53,"column":49},"end":{"line":53,"column":60}}}},"statementMap":{"1":{"start":{"line":3,"column":0},"end":{"line":3,"column":32}},"2":{"start":{"line":4,"column":0},"end":{"line":4,"column":28}},"3":{"start":{"line":6,"column":0},"end":{"line":56,"column":2}},"4":{"start":{"line":7,"column":2},"end":{"line":42,"column":3}},"5":{"start":{"line":8,"column":4},"end":{"line":13,"column":6}},"6":{"start":{"line":17,"column":4},"end":{"line":41,"column":7}},"7":{"start":{"line":18,"column":6},"end":{"line":20,"column":7}},"8":{"start":{"line":19,"column":8},"end":{"line":19,"column":29}},"9":{"start":{"line":23,"column":6},"end":{"line":25,"column":7}},"10":{"start":{"line":24,"column":8},"end":{"line":24,"column":27}},"11":{"start":{"line":27,"column":6},"end":{"line":40,"column":11}},"12":{"start":{"line":31,"column":10},"end":{"line":33,"column":11}},"13":{"start":{"line":32,"column":12},"end":{"line":32,"column":26}},"14":{"start":{"line":35,"column":10},"end":{"line":35,"column":28}},"15":{"start":{"line":38,"column":10},"end":{"line":38,"column":48}},"16":{"start":{"line":39,"column":10},"end":{"line":39,"column":31}},"17":{"start":{"line":44,"column":2},"end":{"line":55,"column":4}},"18":{"start":{"line":45,"column":4},"end":{"line":47,"column":5}},"19":{"start":{"line":46,"column":6},"end":{"line":46,"column":58}},"20":{"start":{"line":49,"column":4},"end":{"line":49,"column":50}},"21":{"start":{"line":52,"column":4},"end":{"line":54,"column":6}},"22":{"start":{"line":53,"column":6},"end":{"line":53,"column":64}}},"branchMap":{"1":{"line":18,"type":"if","locations":[{"start":{"line":18,"column":6},"end":{"line":18,"column":6}},{"start":{"line":18,"column":6},"end":{"line":18,"column":6}}]},"2":{"line":23,"type":"if","locations":[{"start":{"line":23,"column":6},"end":{"line":23,"column":6}},{"start":{"line":23,"column":6},"end":{"line":23,"column":6}}]},"3":{"line":31,"type":"if","locations":[{"start":{"line":31,"column":10},"end":{"line":31,"column":10}},{"start":{"line":31,"column":10},"end":{"line":31,"column":10}}]},"4":{"line":45,"type":"if","locations":[{"start":{"line":45,"column":4},"end":{"line":45,"column":4}},{"start":{"line":45,"column":4},"end":{"line":45,"column":4}}]},"5":{"line":53,"type":"binary-expr","locations":[{"start":{"line":53,"column":43},"end":{"line":53,"column":45}},{"start":{"line":53,"column":49},"end":{"line":53,"column":62}}]}},"code":["\"use strict\";","","var utils = require(\"../utils\");","var log = require(\"npmlog\");","","module.exports = function(defaultFuncs, api, ctx) {","  function makeTypingIndicator(typ, threadID, callback) {","    var form = {","      typ: +typ,","      to: '',","      source: 'mercury-chat',","      thread: threadID","    };","","    // Check if thread is single person chat or group chat","    // More info on this is in api.sendMessage","    api.getUserInfo(threadID, function(err, res) {","      if (err) {","        return callback(err);","      }","","      // If id is single person chat","      if(Object.keys(res).length > 0) {","        form.to = threadID;","      }","","      defaultFuncs","        .post(\"https://www.facebook.com/ajax/messaging/typ.php\", ctx.jar, form)","        .then(utils.parseAndCheckLogin(ctx.jar, defaultFuncs))","        .then(function(resData) {","          if(resData.error) {","            throw resData;","          }","","          return callback();","        })","        .catch(function(err) {","          log.error(\"sendTypingIndicator\", err);","          return callback(err);","        });","    });","  }","","  return function sendTypingIndicator(threadID, callback) {","    if(!callback) {","      throw {error: \"sendTypingIndicator: need callback\"};","    }","","    makeTypingIndicator(true, threadID, callback);","","    // TODO: document that we return the stop/cancel functions now","    return function end(cb) {","      makeTypingIndicator(false, threadID, cb || function() {});","    };","  };","};",""],"l":{"3":2,"4":0,"6":0,"7":1,"8":0,"17":0,"18":0,"19":0,"23":0,"24":0,"27":0,"31":0,"32":0,"35":0,"38":0,"39":0,"44":0,"45":0,"46":0,"49":0,"52":0,"53":0}},"/home/travis/build/npmtest/node-npmtest-facebook-chat-api/node_modules/facebook-chat-api/src/setTitle.js":{"path":"/home/travis/build/npmtest/node-npmtest-facebook-chat-api/node_modules/facebook-chat-api/src/setTitle.js","s":{"1":2,"2":0,"3":0,"4":0,"5":0,"6":0,"7":0,"8":0,"9":0,"10":0,"11":0,"12":0,"13":0,"14":0,"15":0,"16":0,"17":0,"18":0,"19":0,"20":0},"b":{"1":[0,0],"2":[0,0],"3":[0,0],"4":[0,0],"5":[0,0],"6":[0,0],"7":[0,0],"8":[0,0]},"f":{"1":0,"2":0,"3":0,"4":0,"5":0},"fnMap":{"1":{"name":"(anonymous_1)","line":6,"loc":{"start":{"line":6,"column":17},"end":{"line":6,"column":50}}},"2":{"name":"setTitle","line":7,"loc":{"start":{"line":7,"column":9},"end":{"line":7,"column":57}}},"3":{"name":"(anonymous_3)","line":13,"loc":{"start":{"line":13,"column":17},"end":{"line":13,"column":28}}},"4":{"name":"(anonymous_4)","line":48,"loc":{"start":{"line":48,"column":12},"end":{"line":48,"column":30}}},"5":{"name":"(anonymous_5)","line":63,"loc":{"start":{"line":63,"column":13},"end":{"line":63,"column":27}}}},"statementMap":{"1":{"start":{"line":3,"column":0},"end":{"line":3,"column":32}},"2":{"start":{"line":4,"column":0},"end":{"line":4,"column":28}},"3":{"start":{"line":6,"column":0},"end":{"line":68,"column":2}},"4":{"start":{"line":7,"column":2},"end":{"line":67,"column":4}},"5":{"start":{"line":8,"column":4},"end":{"line":10,"column":5}},"6":{"start":{"line":9,"column":6},"end":{"line":9,"column":68}},"7":{"start":{"line":12,"column":4},"end":{"line":14,"column":5}},"8":{"start":{"line":13,"column":6},"end":{"line":13,"column":31}},"9":{"start":{"line":16,"column":4},"end":{"line":16,"column":60}},"10":{"start":{"line":17,"column":4},"end":{"line":43,"column":6}},"11":{"start":{"line":45,"column":4},"end":{"line":66,"column":9}},"12":{"start":{"line":49,"column":8},"end":{"line":51,"column":9}},"13":{"start":{"line":50,"column":10},"end":{"line":50,"column":73}},"14":{"start":{"line":53,"column":8},"end":{"line":55,"column":9}},"15":{"start":{"line":54,"column":10},"end":{"line":54,"column":65}},"16":{"start":{"line":57,"column":8},"end":{"line":59,"column":9}},"17":{"start":{"line":58,"column":10},"end":{"line":58,"column":24}},"18":{"start":{"line":61,"column":8},"end":{"line":61,"column":26}},"19":{"start":{"line":64,"column":8},"end":{"line":64,"column":35}},"20":{"start":{"line":65,"column":8},"end":{"line":65,"column":29}}},"branchMap":{"1":{"line":8,"type":"if","locations":[{"start":{"line":8,"column":4},"end":{"line":8,"column":4}},{"start":{"line":8,"column":4},"end":{"line":8,"column":4}}]},"2":{"line":8,"type":"binary-expr","locations":[{"start":{"line":8,"column":7},"end":{"line":8,"column":16}},{"start":{"line":8,"column":20},"end":{"line":8,"column":58}}]},"3":{"line":12,"type":"if","locations":[{"start":{"line":12,"column":4},"end":{"line":12,"column":4}},{"start":{"line":12,"column":4},"end":{"line":12,"column":4}}]},"4":{"line":49,"type":"if","locations":[{"start":{"line":49,"column":8},"end":{"line":49,"column":8}},{"start":{"line":49,"column":8},"end":{"line":49,"column":8}}]},"5":{"line":49,"type":"binary-expr","locations":[{"start":{"line":49,"column":12},"end":{"line":49,"column":25}},{"start":{"line":49,"column":29},"end":{"line":49,"column":54}}]},"6":{"line":53,"type":"if","locations":[{"start":{"line":53,"column":8},"end":{"line":53,"column":8}},{"start":{"line":53,"column":8},"end":{"line":53,"column":8}}]},"7":{"line":53,"type":"binary-expr","locations":[{"start":{"line":53,"column":12},"end":{"line":53,"column":25}},{"start":{"line":53,"column":29},"end":{"line":53,"column":54}}]},"8":{"line":57,"type":"if","locations":[{"start":{"line":57,"column":8},"end":{"line":57,"column":8}},{"start":{"line":57,"column":8},"end":{"line":57,"column":8}}]}},"code":["\"use strict\";","","var utils = require(\"../utils\");","var log = require(\"npmlog\");","","module.exports = function(defaultFuncs, api, ctx) {","  return function setTitle(newTitle, threadID, callback) {","    if(!callback && utils.getType(threadID) === 'Function') {","      throw {error: \"please pass a threadID as a second argument.\"};","    }","","    if(!callback) {","      callback = function() {};","    }","","    var messageAndOTID = utils.generateOfflineThreadingID();","    var form = {","      'client' : 'mercury',","      'action_type' : 'ma-type:log-message',","      'author' : 'fbid:' + ctx.userID,","      'thread_id' : '',","      'author_email' : '',","      'coordinates' : '',","      'timestamp' : Date.now(),","      'timestamp_absolute' : 'Today',","      'timestamp_relative' : utils.generateTimestampRelative(),","      'timestamp_time_passed' : '0',","      'is_unread' : false,","      'is_cleared' : false,","      'is_forward' : false,","      'is_filtered_content' : false,","      'is_spoof_warning' : false,","      'source' : 'source:chat:web',","      'source_tags[0]' : 'source:chat',","      'status' : '0',","      'offline_threading_id' : messageAndOTID,","      'message_id' : messageAndOTID,","      'threading_id': utils.generateThreadingID(ctx.clientID),","      'manual_retry_cnt' : '0',","      'thread_fbid' : threadID,","      'log_message_data[name]' : newTitle,","      'log_message_type' : 'log:thread-name'","    };","","    defaultFuncs","      .post(\"https://www.facebook.com/messaging/send/\", ctx.jar, form)","      .then(utils.parseAndCheckLogin(ctx.jar, defaultFuncs))","      .then(function(resData) {","        if (resData.error && resData.error === 1545012){","          throw {error: \"Cannot change chat title: Not member of chat.\"};","        }","","        if (resData.error && resData.error === 1545003){","          throw {error: \"Cannot set title of single-user chat.\"};","        }","","        if (resData.error) {","          throw resData;","        }","","        return callback();","      })","      .catch(function(err) {","        log.error(\"setTitle\", err);","        return callback(err);","      });","  };","};",""],"l":{"3":2,"4":0,"6":0,"7":0,"8":0,"9":0,"12":0,"13":0,"16":0,"17":0,"45":0,"49":0,"50":0,"53":0,"54":0,"57":0,"58":0,"61":0,"64":0,"65":0}}}